2021-02-06 09:55:51.9553|INFO|Microsoft.Hosting.Lifetime|Application started. Press Ctrl+C to shut down.
2021-02-06 09:55:52.1497|INFO|Microsoft.Hosting.Lifetime|Hosting environment: Development
2021-02-06 09:55:52.1497|INFO|Microsoft.Hosting.Lifetime|Content root path: D:\cSharp\Core\DotNet-Core\SampleProject
2021-02-06 09:57:31.9748|INFO|Microsoft.Hosting.Lifetime|Application started. Press Ctrl+C to shut down.
2021-02-06 09:57:32.0508|INFO|Microsoft.Hosting.Lifetime|Hosting environment: Development
2021-02-06 09:57:32.0508|INFO|Microsoft.Hosting.Lifetime|Content root path: D:\cSharp\Core\DotNet-Core\SampleProject
2021-02-06 09:57:44.0411|ERROR|Microsoft.AspNetCore.Diagnostics.DeveloperExceptionPageMiddleware|An unhandled exception has occurred while executing the request.
2021-02-06 09:58:30.3398|INFO|Microsoft.Hosting.Lifetime|Application started. Press Ctrl+C to shut down.
2021-02-06 09:58:30.4528|INFO|Microsoft.Hosting.Lifetime|Hosting environment: Development
2021-02-06 09:58:30.4528|INFO|Microsoft.Hosting.Lifetime|Content root path: D:\cSharp\Core\DotNet-Core\SampleProject
2021-02-06 09:59:12.8235|INFO|Microsoft.Hosting.Lifetime|Application started. Press Ctrl+C to shut down.
2021-02-06 09:59:12.9307|INFO|Microsoft.Hosting.Lifetime|Hosting environment: Development
2021-02-06 09:59:12.9404|INFO|Microsoft.Hosting.Lifetime|Content root path: D:\cSharp\Core\DotNet-Core\SampleProject
2021-02-06 10:02:46.1051|INFO|Microsoft.Hosting.Lifetime|Application started. Press Ctrl+C to shut down.
2021-02-06 10:02:46.2233|INFO|Microsoft.Hosting.Lifetime|Hosting environment: Development
2021-02-06 10:02:46.2337|INFO|Microsoft.Hosting.Lifetime|Content root path: D:\cSharp\Core\DotNet-Core\SampleProject
2021-02-06 10:05:25.6198|INFO|Microsoft.Hosting.Lifetime|Application started. Press Ctrl+C to shut down.
2021-02-06 10:05:25.7336|INFO|Microsoft.Hosting.Lifetime|Hosting environment: Development
2021-02-06 10:05:25.7436|INFO|Microsoft.Hosting.Lifetime|Content root path: D:\cSharp\Core\DotNet-Core\SampleProject
2021-02-06 10:07:25.8034|INFO|Microsoft.Hosting.Lifetime|Application started. Press Ctrl+C to shut down.
2021-02-06 10:07:25.9117|INFO|Microsoft.Hosting.Lifetime|Hosting environment: Development
2021-02-06 10:07:25.9347|INFO|Microsoft.Hosting.Lifetime|Content root path: D:\cSharp\Core\DotNet-Core\SampleProject
2021-02-06 10:08:08.6951|ERROR|Microsoft.AspNetCore.Diagnostics.DeveloperExceptionPageMiddleware|An unhandled exception has occurred while executing the request.
2021-02-06 10:09:03.9129|INFO|Microsoft.Hosting.Lifetime|Application started. Press Ctrl+C to shut down.
2021-02-06 10:09:04.0297|INFO|Microsoft.Hosting.Lifetime|Hosting environment: Development
2021-02-06 10:09:04.0421|INFO|Microsoft.Hosting.Lifetime|Content root path: D:\cSharp\Core\DotNet-Core\SampleProject
2021-02-06 10:18:51.5060|INFO|Microsoft.Hosting.Lifetime|Application started. Press Ctrl+C to shut down.
2021-02-06 10:18:51.6201|INFO|Microsoft.Hosting.Lifetime|Hosting environment: Development
2021-02-06 10:18:51.6308|INFO|Microsoft.Hosting.Lifetime|Content root path: D:\cSharp\Core\DotNet-Core\SampleProject
2021-02-06 10:28:38.2428|INFO|Microsoft.Hosting.Lifetime|Application started. Press Ctrl+C to shut down.
2021-02-06 10:28:38.3646|INFO|Microsoft.Hosting.Lifetime|Hosting environment: Development
2021-02-06 10:28:38.3754|INFO|Microsoft.Hosting.Lifetime|Content root path: D:\cSharp\Core\DotNet-Core\SampleProject
2021-02-06 10:29:06.2286|INFO|Microsoft.Hosting.Lifetime|Application started. Press Ctrl+C to shut down.
2021-02-06 10:29:06.3580|INFO|Microsoft.Hosting.Lifetime|Hosting environment: Development
2021-02-06 10:29:06.3716|INFO|Microsoft.Hosting.Lifetime|Content root path: D:\cSharp\Core\DotNet-Core\SampleProject
2021-02-06 10:31:43.9637|INFO|Microsoft.Hosting.Lifetime|Application started. Press Ctrl+C to shut down.
2021-02-06 10:31:44.0835|INFO|Microsoft.Hosting.Lifetime|Hosting environment: Development
2021-02-06 10:31:44.0939|INFO|Microsoft.Hosting.Lifetime|Content root path: D:\cSharp\Core\DotNet-Core\SampleProject
2021-02-06 10:33:42.8040|INFO|Microsoft.Hosting.Lifetime|Application started. Press Ctrl+C to shut down.
2021-02-06 10:33:42.8812|INFO|Microsoft.Hosting.Lifetime|Hosting environment: Development
2021-02-06 10:33:42.8812|INFO|Microsoft.Hosting.Lifetime|Content root path: D:\cSharp\Core\DotNet-Core\SampleProject
2021-02-06 10:34:56.3378|INFO|Microsoft.Hosting.Lifetime|Application started. Press Ctrl+C to shut down.
2021-02-06 10:34:56.4026|INFO|Microsoft.Hosting.Lifetime|Hosting environment: Development
2021-02-06 10:34:56.4088|INFO|Microsoft.Hosting.Lifetime|Content root path: D:\cSharp\Core\DotNet-Core\SampleProject
2021-02-06 10:35:16.0804|ERROR|Microsoft.AspNetCore.Diagnostics.DeveloperExceptionPageMiddleware|An unhandled exception has occurred while executing the request.
2021-02-06 10:35:41.7470|ERROR|Microsoft.AspNetCore.Diagnostics.DeveloperExceptionPageMiddleware|An unhandled exception has occurred while executing the request.
2021-02-06 10:35:46.5536|ERROR|Microsoft.AspNetCore.Diagnostics.DeveloperExceptionPageMiddleware|An unhandled exception has occurred while executing the request.
2021-02-06 10:35:48.9265|ERROR|Microsoft.AspNetCore.Diagnostics.DeveloperExceptionPageMiddleware|An unhandled exception has occurred while executing the request.
2021-02-06 10:35:57.2346|ERROR|Microsoft.AspNetCore.Diagnostics.DeveloperExceptionPageMiddleware|An unhandled exception has occurred while executing the request.
2021-02-06 10:36:11.9699|INFO|Microsoft.Hosting.Lifetime|Application started. Press Ctrl+C to shut down.
2021-02-06 10:36:12.0363|INFO|Microsoft.Hosting.Lifetime|Hosting environment: Development
2021-02-06 10:36:12.0363|INFO|Microsoft.Hosting.Lifetime|Content root path: D:\cSharp\Core\DotNet-Core\SampleProject
2021-02-06 10:36:14.8481|ERROR|Microsoft.AspNetCore.Diagnostics.DeveloperExceptionPageMiddleware|An unhandled exception has occurred while executing the request.
2021-02-06 10:36:16.2820|ERROR|Microsoft.AspNetCore.Diagnostics.DeveloperExceptionPageMiddleware|An unhandled exception has occurred while executing the request.
2021-02-06 10:36:17.4554|ERROR|Microsoft.AspNetCore.Diagnostics.DeveloperExceptionPageMiddleware|An unhandled exception has occurred while executing the request.
2021-02-06 10:36:18.5704|ERROR|Microsoft.AspNetCore.Diagnostics.DeveloperExceptionPageMiddleware|An unhandled exception has occurred while executing the request.
2021-02-06 10:36:37.7235|ERROR|Microsoft.AspNetCore.Diagnostics.DeveloperExceptionPageMiddleware|An unhandled exception has occurred while executing the request.
2021-02-06 10:37:25.1343|ERROR|Microsoft.AspNetCore.Diagnostics.DeveloperExceptionPageMiddleware|An unhandled exception has occurred while executing the request.
2021-02-06 10:37:27.2553|ERROR|Microsoft.AspNetCore.Diagnostics.DeveloperExceptionPageMiddleware|An unhandled exception has occurred while executing the request.
2021-02-06 10:37:42.6552|ERROR|Microsoft.AspNetCore.Diagnostics.DeveloperExceptionPageMiddleware|An unhandled exception has occurred while executing the request.
2021-02-06 10:37:44.4823|ERROR|Microsoft.AspNetCore.Diagnostics.DeveloperExceptionPageMiddleware|An unhandled exception has occurred while executing the request.
2021-02-06 10:40:15.7181|ERROR|Microsoft.AspNetCore.Diagnostics.DeveloperExceptionPageMiddleware|An unhandled exception has occurred while executing the request.
2021-02-06 10:40:21.3922|ERROR|Microsoft.AspNetCore.Diagnostics.DeveloperExceptionPageMiddleware|An unhandled exception has occurred while executing the request.
2021-02-06 10:40:50.8698|INFO|Microsoft.Hosting.Lifetime|Application started. Press Ctrl+C to shut down.
2021-02-06 10:40:50.9302|INFO|Microsoft.Hosting.Lifetime|Hosting environment: Development
2021-02-06 10:40:50.9376|INFO|Microsoft.Hosting.Lifetime|Content root path: D:\cSharp\Core\DotNet-Core\SampleProject
2021-02-06 10:41:14.8867|ERROR|Microsoft.AspNetCore.Diagnostics.DeveloperExceptionPageMiddleware|An unhandled exception has occurred while executing the request.
2021-02-06 10:41:28.8606|ERROR|Microsoft.AspNetCore.Diagnostics.DeveloperExceptionPageMiddleware|An unhandled exception has occurred while executing the request.
2021-02-06 10:43:16.9143|INFO|Microsoft.Hosting.Lifetime|Application started. Press Ctrl+C to shut down.
2021-02-06 10:43:16.9859|INFO|Microsoft.Hosting.Lifetime|Hosting environment: Development
2021-02-06 10:43:16.9859|INFO|Microsoft.Hosting.Lifetime|Content root path: D:\cSharp\Core\DotNet-Core\SampleProject
2021-02-06 10:43:19.9117|ERROR|Microsoft.AspNetCore.Diagnostics.DeveloperExceptionPageMiddleware|An unhandled exception has occurred while executing the request.
2021-02-06 10:44:34.6700|INFO|Microsoft.Hosting.Lifetime|Application started. Press Ctrl+C to shut down.
2021-02-06 10:44:34.7411|INFO|Microsoft.Hosting.Lifetime|Hosting environment: Development
2021-02-06 10:44:34.7485|INFO|Microsoft.Hosting.Lifetime|Content root path: D:\cSharp\Core\DotNet-Core\SampleProject
2021-02-06 10:45:32.1964|INFO|Microsoft.Hosting.Lifetime|Application started. Press Ctrl+C to shut down.
2021-02-06 10:45:32.2644|INFO|Microsoft.Hosting.Lifetime|Hosting environment: Development
2021-02-06 10:45:32.2644|INFO|Microsoft.Hosting.Lifetime|Content root path: D:\cSharp\Core\DotNet-Core\SampleProject
2021-02-06 10:45:53.3417|INFO|Microsoft.Hosting.Lifetime|Application started. Press Ctrl+C to shut down.
2021-02-06 10:45:53.4048|INFO|Microsoft.Hosting.Lifetime|Hosting environment: Development
2021-02-06 10:45:53.4117|INFO|Microsoft.Hosting.Lifetime|Content root path: D:\cSharp\Core\DotNet-Core\SampleProject
2021-02-06 10:59:24.0801|INFO|Microsoft.Hosting.Lifetime|Application started. Press Ctrl+C to shut down.
2021-02-06 10:59:24.1449|INFO|Microsoft.Hosting.Lifetime|Hosting environment: Development
2021-02-06 10:59:24.1449|INFO|Microsoft.Hosting.Lifetime|Content root path: D:\cSharp\Core\DotNet-Core\SampleProject
2021-02-06 11:00:02.9503|INFO|Microsoft.Hosting.Lifetime|Application started. Press Ctrl+C to shut down.
2021-02-06 11:00:03.0304|INFO|Microsoft.Hosting.Lifetime|Hosting environment: Development
2021-02-06 11:00:03.0304|INFO|Microsoft.Hosting.Lifetime|Content root path: D:\cSharp\Core\DotNet-Core\SampleProject
2021-02-06 11:00:48.4738|INFO|Microsoft.Hosting.Lifetime|Application started. Press Ctrl+C to shut down.
2021-02-06 11:00:48.5419|INFO|Microsoft.Hosting.Lifetime|Hosting environment: Development
2021-02-06 11:00:48.5508|INFO|Microsoft.Hosting.Lifetime|Content root path: D:\cSharp\Core\DotNet-Core\SampleProject
2021-02-06 11:06:11.7433|INFO|Microsoft.Hosting.Lifetime|Application started. Press Ctrl+C to shut down.
2021-02-06 11:06:11.8109|INFO|Microsoft.Hosting.Lifetime|Hosting environment: Development
2021-02-06 11:06:11.8172|INFO|Microsoft.Hosting.Lifetime|Content root path: D:\cSharp\Core\DotNet-Core\SampleProject
2021-02-06 11:11:03.5264|INFO|Microsoft.Hosting.Lifetime|Application started. Press Ctrl+C to shut down.
2021-02-06 11:11:03.5997|INFO|Microsoft.Hosting.Lifetime|Hosting environment: Development
2021-02-06 11:11:03.5997|INFO|Microsoft.Hosting.Lifetime|Content root path: D:\cSharp\Core\DotNet-Core\SampleProject
2021-02-06 11:11:13.7069|ERROR|Microsoft.AspNetCore.Mvc.ViewFeatures.ViewResultExecutor|The view 'AccessDenied' was not found. Searched locations: /Views/Account/AccessDenied.cshtml, /Views/Shared/AccessDenied.cshtml, /Pages/Shared/AccessDenied.cshtml
2021-02-06 11:11:13.7866|ERROR|Microsoft.AspNetCore.Diagnostics.DeveloperExceptionPageMiddleware|An unhandled exception has occurred while executing the request.
2021-02-06 11:11:33.7904|INFO|Microsoft.Hosting.Lifetime|Application started. Press Ctrl+C to shut down.
2021-02-06 11:11:33.8610|INFO|Microsoft.Hosting.Lifetime|Hosting environment: Development
2021-02-06 11:11:33.8610|INFO|Microsoft.Hosting.Lifetime|Content root path: D:\cSharp\Core\DotNet-Core\SampleProject
2021-02-06 11:27:14.7899|INFO|Microsoft.Hosting.Lifetime|Application started. Press Ctrl+C to shut down.
2021-02-06 11:27:14.8633|INFO|Microsoft.Hosting.Lifetime|Hosting environment: Development
2021-02-06 11:27:14.8633|INFO|Microsoft.Hosting.Lifetime|Content root path: D:\cSharp\Core\DotNet-Core\SampleProject
2021-02-06 11:28:01.0749|INFO|Microsoft.Hosting.Lifetime|Application started. Press Ctrl+C to shut down.
2021-02-06 11:28:01.1363|INFO|Microsoft.Hosting.Lifetime|Hosting environment: Development
2021-02-06 11:28:01.1413|INFO|Microsoft.Hosting.Lifetime|Content root path: D:\cSharp\Core\DotNet-Core\SampleProject
2021-02-06 11:42:44.8783|INFO|Microsoft.Hosting.Lifetime|Application started. Press Ctrl+C to shut down.
2021-02-06 11:42:44.9495|INFO|Microsoft.Hosting.Lifetime|Hosting environment: Development
2021-02-06 11:42:44.9554|INFO|Microsoft.Hosting.Lifetime|Content root path: D:\cSharp\Core\DotNet-Core\SampleProject
2021-02-06 11:46:39.4641|INFO|Microsoft.Hosting.Lifetime|Application started. Press Ctrl+C to shut down.
2021-02-06 11:46:39.4942|INFO|Microsoft.Hosting.Lifetime|Hosting environment: Development
2021-02-06 11:46:39.4942|INFO|Microsoft.Hosting.Lifetime|Content root path: D:\cSharp\Core\DotNet-Core\SampleProject
2021-02-06 11:51:04.0334|INFO|Microsoft.Hosting.Lifetime|Application started. Press Ctrl+C to shut down.
2021-02-06 11:51:04.0647|INFO|Microsoft.Hosting.Lifetime|Hosting environment: Development
2021-02-06 11:51:04.0647|INFO|Microsoft.Hosting.Lifetime|Content root path: D:\cSharp\Core\DotNet-Core\SampleProject
2021-02-06 11:55:40.8511|INFO|Microsoft.Hosting.Lifetime|Application started. Press Ctrl+C to shut down.
2021-02-06 11:55:40.8816|INFO|Microsoft.Hosting.Lifetime|Hosting environment: Development
2021-02-06 11:55:40.8816|INFO|Microsoft.Hosting.Lifetime|Content root path: D:\cSharp\Core\DotNet-Core\SampleProject
2021-02-06 12:38:11.0544|INFO|Microsoft.Hosting.Lifetime|Application started. Press Ctrl+C to shut down.
2021-02-06 12:38:11.0908|INFO|Microsoft.Hosting.Lifetime|Hosting environment: Development
2021-02-06 12:38:11.0937|INFO|Microsoft.Hosting.Lifetime|Content root path: D:\cSharp\Core\DotNet-Core\SampleProject
2021-02-06 12:46:09.1711|INFO|Microsoft.Hosting.Lifetime|Application started. Press Ctrl+C to shut down.
2021-02-06 12:46:09.2041|INFO|Microsoft.Hosting.Lifetime|Hosting environment: Development
2021-02-06 12:46:09.2041|INFO|Microsoft.Hosting.Lifetime|Content root path: D:\cSharp\Core\DotNet-Core\SampleProject
2021-02-06 14:06:13.0773|INFO|Microsoft.Hosting.Lifetime|Application started. Press Ctrl+C to shut down.
2021-02-06 14:06:13.1673|INFO|Microsoft.Hosting.Lifetime|Hosting environment: Development
2021-02-06 14:06:13.1968|INFO|Microsoft.Hosting.Lifetime|Content root path: D:\cSharp\Core\DotNet-Core\SampleProject
2021-02-06 14:06:17.8253|ERROR|Microsoft.AspNetCore.Diagnostics.DeveloperExceptionPageMiddleware|An unhandled exception has occurred while executing the request.
2021-02-06 14:06:29.9530|ERROR|Microsoft.AspNetCore.Diagnostics.DeveloperExceptionPageMiddleware|An unhandled exception has occurred while executing the request.
2021-02-06 14:07:11.5435|ERROR|Microsoft.AspNetCore.Diagnostics.DeveloperExceptionPageMiddleware|An unhandled exception has occurred while executing the request.
2021-02-06 14:07:17.5025|INFO|Microsoft.Hosting.Lifetime|Application started. Press Ctrl+C to shut down.
2021-02-06 14:07:17.5785|INFO|Microsoft.Hosting.Lifetime|Hosting environment: Development
2021-02-06 14:07:17.5785|INFO|Microsoft.Hosting.Lifetime|Content root path: D:\cSharp\Core\DotNet-Core\SampleProject
2021-02-06 14:09:07.6812|INFO|Microsoft.Hosting.Lifetime|Application started. Press Ctrl+C to shut down.
2021-02-06 14:09:07.7619|INFO|Microsoft.Hosting.Lifetime|Hosting environment: Development
2021-02-06 14:09:07.7744|INFO|Microsoft.Hosting.Lifetime|Content root path: D:\cSharp\Core\DotNet-Core\SampleProject
2021-02-06 14:10:08.1836|INFO|Microsoft.Hosting.Lifetime|Application started. Press Ctrl+C to shut down.
2021-02-06 14:10:08.2453|INFO|Microsoft.Hosting.Lifetime|Hosting environment: Development
2021-02-06 14:10:08.2522|INFO|Microsoft.Hosting.Lifetime|Content root path: D:\cSharp\Core\DotNet-Core\SampleProject
2021-02-06 14:12:30.8039|INFO|Microsoft.Hosting.Lifetime|Application started. Press Ctrl+C to shut down.
2021-02-06 14:12:30.8720|INFO|Microsoft.Hosting.Lifetime|Hosting environment: Development
2021-02-06 14:12:30.8785|INFO|Microsoft.Hosting.Lifetime|Content root path: D:\cSharp\Core\DotNet-Core\SampleProject
2021-02-06 14:12:53.9505|INFO|Microsoft.Hosting.Lifetime|Application started. Press Ctrl+C to shut down.
2021-02-06 14:12:54.0106|INFO|Microsoft.Hosting.Lifetime|Hosting environment: Development
2021-02-06 14:12:54.0156|INFO|Microsoft.Hosting.Lifetime|Content root path: D:\cSharp\Core\DotNet-Core\SampleProject
2021-02-06 14:18:12.4167|INFO|Microsoft.Hosting.Lifetime|Application started. Press Ctrl+C to shut down.
2021-02-06 14:18:12.4765|INFO|Microsoft.Hosting.Lifetime|Hosting environment: Development
2021-02-06 14:18:12.4832|INFO|Microsoft.Hosting.Lifetime|Content root path: D:\cSharp\Core\DotNet-Core\SampleProject
2021-02-06 14:18:44.8050|INFO|Microsoft.Hosting.Lifetime|Application started. Press Ctrl+C to shut down.
2021-02-06 14:18:44.8669|INFO|Microsoft.Hosting.Lifetime|Hosting environment: Development
2021-02-06 14:18:44.8669|INFO|Microsoft.Hosting.Lifetime|Content root path: D:\cSharp\Core\DotNet-Core\SampleProject
2021-02-06 14:27:38.8347|INFO|Microsoft.Hosting.Lifetime|Application started. Press Ctrl+C to shut down.
2021-02-06 14:27:38.8953|INFO|Microsoft.Hosting.Lifetime|Hosting environment: Development
2021-02-06 14:27:38.8953|INFO|Microsoft.Hosting.Lifetime|Content root path: D:\cSharp\Core\DotNet-Core\SampleProject
2021-02-06 14:29:59.6067|INFO|Microsoft.Hosting.Lifetime|Application started. Press Ctrl+C to shut down.
2021-02-06 14:29:59.6676|INFO|Microsoft.Hosting.Lifetime|Hosting environment: Development
2021-02-06 14:29:59.6739|INFO|Microsoft.Hosting.Lifetime|Content root path: D:\cSharp\Core\DotNet-Core\SampleProject
2021-02-06 14:34:38.4044|INFO|Microsoft.Hosting.Lifetime|Application started. Press Ctrl+C to shut down.
2021-02-06 14:34:38.4776|INFO|Microsoft.Hosting.Lifetime|Hosting environment: Development
2021-02-06 14:34:38.4841|INFO|Microsoft.Hosting.Lifetime|Content root path: D:\cSharp\Core\DotNet-Core\SampleProject
2021-02-06 14:37:51.5435|INFO|Microsoft.Hosting.Lifetime|Application started. Press Ctrl+C to shut down.
2021-02-06 14:37:51.6180|INFO|Microsoft.Hosting.Lifetime|Hosting environment: Development
2021-02-06 14:37:51.6180|INFO|Microsoft.Hosting.Lifetime|Content root path: D:\cSharp\Core\DotNet-Core\SampleProject
2021-02-06 14:40:06.3384|INFO|Microsoft.Hosting.Lifetime|Application started. Press Ctrl+C to shut down.
2021-02-06 14:40:06.4153|INFO|Microsoft.Hosting.Lifetime|Hosting environment: Development
2021-02-06 14:40:06.4216|INFO|Microsoft.Hosting.Lifetime|Content root path: D:\cSharp\Core\DotNet-Core\SampleProject
2021-02-06 14:41:24.4796|INFO|Microsoft.Hosting.Lifetime|Application started. Press Ctrl+C to shut down.
2021-02-06 14:41:24.5512|INFO|Microsoft.Hosting.Lifetime|Hosting environment: Development
2021-02-06 14:41:24.5512|INFO|Microsoft.Hosting.Lifetime|Content root path: D:\cSharp\Core\DotNet-Core\SampleProject
2021-02-06 19:31:04.3598|INFO|Microsoft.Hosting.Lifetime|Application started. Press Ctrl+C to shut down.
2021-02-06 19:31:04.4967|INFO|Microsoft.Hosting.Lifetime|Hosting environment: Development
2021-02-06 19:31:04.5132|INFO|Microsoft.Hosting.Lifetime|Content root path: D:\cSharp\Core\DotNet-Core\SampleProject
2021-02-06 19:32:20.9850|INFO|Microsoft.Hosting.Lifetime|Application started. Press Ctrl+C to shut down.
2021-02-06 19:32:21.0462|INFO|Microsoft.Hosting.Lifetime|Hosting environment: Development
2021-02-06 19:32:21.0462|INFO|Microsoft.Hosting.Lifetime|Content root path: D:\cSharp\Core\DotNet-Core\SampleProject
2021-02-06 19:32:43.1391|ERROR|Microsoft.EntityFrameworkCore.Database.Command|Failed executing DbCommand (346ms) [Parameters=[@p0='?' (Size = 450), @p1='?' (Size = 4000)], CommandType='Text', CommandTimeout='30']
SET NOCOUNT ON;
DELETE FROM [AspNetRoles]
WHERE [Id] = @p0 AND [ConcurrencyStamp] = @p1;
SELECT @@ROWCOUNT;
2021-02-06 19:32:43.5861|ERROR|Microsoft.EntityFrameworkCore.Update|An exception occurred in the database while saving changes for context type 'SampleProject.Models.AppDbContext'.
Microsoft.EntityFrameworkCore.DbUpdateException: An error occurred while updating the entries. See the inner exception for details.
 ---> Microsoft.Data.SqlClient.SqlException (0x80131904): The DELETE statement conflicted with the REFERENCE constraint "FK_AspNetUserRoles_AspNetRoles_RoleId". The conflict occurred in database "OurDb", table "dbo.AspNetUserRoles", column 'RoleId'.
The statement has been terminated.
   at Microsoft.Data.SqlClient.SqlCommand.<>c.<ExecuteDbDataReaderAsync>b__169_0(Task`1 result)
   at System.Threading.Tasks.ContinuationResultTaskFromResultTask`2.InnerInvoke()
   at System.Threading.Tasks.Task.<>c.<.cctor>b__274_0(Object obj)
   at System.Threading.ExecutionContext.RunInternal(ExecutionContext executionContext, ContextCallback callback, Object state)
--- End of stack trace from previous location where exception was thrown ---
   at System.Threading.ExecutionContext.RunInternal(ExecutionContext executionContext, ContextCallback callback, Object state)
   at System.Threading.Tasks.Task.ExecuteWithThreadLocal(Task& currentTaskSlot, Thread threadPoolThread)
--- End of stack trace from previous location where exception was thrown ---
   at Microsoft.EntityFrameworkCore.Storage.RelationalCommand.ExecuteReaderAsync(RelationalCommandParameterObject parameterObject, CancellationToken cancellationToken)
   at Microsoft.EntityFrameworkCore.Storage.RelationalCommand.ExecuteReaderAsync(RelationalCommandParameterObject parameterObject, CancellationToken cancellationToken)
   at Microsoft.EntityFrameworkCore.Update.ReaderModificationCommandBatch.ExecuteAsync(IRelationalConnection connection, CancellationToken cancellationToken)
ClientConnectionId:ba86eefd-f532-404b-9ecd-3673f7c0b59b
Error Number:547,State:0,Class:16
   --- End of inner exception stack trace ---
   at Microsoft.EntityFrameworkCore.Update.ReaderModificationCommandBatch.ExecuteAsync(IRelationalConnection connection, CancellationToken cancellationToken)
   at Microsoft.EntityFrameworkCore.Update.Internal.BatchExecutor.ExecuteAsync(IEnumerable`1 commandBatches, IRelationalConnection connection, CancellationToken cancellationToken)
   at Microsoft.EntityFrameworkCore.Update.Internal.BatchExecutor.ExecuteAsync(IEnumerable`1 commandBatches, IRelationalConnection connection, CancellationToken cancellationToken)
   at Microsoft.EntityFrameworkCore.Update.Internal.BatchExecutor.ExecuteAsync(IEnumerable`1 commandBatches, IRelationalConnection connection, CancellationToken cancellationToken)
   at Microsoft.EntityFrameworkCore.ChangeTracking.Internal.StateManager.SaveChangesAsync(IList`1 entriesToSave, CancellationToken cancellationToken)
   at Microsoft.EntityFrameworkCore.ChangeTracking.Internal.StateManager.SaveChangesAsync(DbContext _, Boolean acceptAllChangesOnSuccess, CancellationToken cancellationToken)
   at Microsoft.EntityFrameworkCore.SqlServer.Storage.Internal.SqlServerExecutionStrategy.ExecuteAsync[TState,TResult](TState state, Func`4 operation, Func`4 verifySucceeded, CancellationToken cancellationToken)
   at Microsoft.EntityFrameworkCore.DbContext.SaveChangesAsync(Boolean acceptAllChangesOnSuccess, CancellationToken cancellationToken)
2021-02-06 19:32:43.8895|ERROR|Microsoft.AspNetCore.Diagnostics.DeveloperExceptionPageMiddleware|An unhandled exception has occurred while executing the request.
2021-02-06 19:36:55.1658|WARN|SampleProject.Controllers.ErrorController|404 Error Occured. Path =/favicon.ico and QS = 
2021-02-06 19:37:03.1806|ERROR|Microsoft.EntityFrameworkCore.Database.Command|Failed executing DbCommand (18ms) [Parameters=[@p0='?' (Size = 450), @p1='?' (Size = 4000)], CommandType='Text', CommandTimeout='30']
SET NOCOUNT ON;
DELETE FROM [AspNetRoles]
WHERE [Id] = @p0 AND [ConcurrencyStamp] = @p1;
SELECT @@ROWCOUNT;
2021-02-06 19:37:03.2697|ERROR|Microsoft.EntityFrameworkCore.Update|An exception occurred in the database while saving changes for context type 'SampleProject.Models.AppDbContext'.
Microsoft.EntityFrameworkCore.DbUpdateException: An error occurred while updating the entries. See the inner exception for details.
 ---> Microsoft.Data.SqlClient.SqlException (0x80131904): The DELETE statement conflicted with the REFERENCE constraint "FK_AspNetUserRoles_AspNetRoles_RoleId". The conflict occurred in database "OurDb", table "dbo.AspNetUserRoles", column 'RoleId'.
The statement has been terminated.
   at Microsoft.Data.SqlClient.SqlCommand.<>c.<ExecuteDbDataReaderAsync>b__169_0(Task`1 result)
   at System.Threading.Tasks.ContinuationResultTaskFromResultTask`2.InnerInvoke()
   at System.Threading.Tasks.Task.<>c.<.cctor>b__274_0(Object obj)
   at System.Threading.ExecutionContext.RunInternal(ExecutionContext executionContext, ContextCallback callback, Object state)
--- End of stack trace from previous location where exception was thrown ---
   at System.Threading.Tasks.Task.ExecuteWithThreadLocal(Task& currentTaskSlot, Thread threadPoolThread)
--- End of stack trace from previous location where exception was thrown ---
   at Microsoft.EntityFrameworkCore.Storage.RelationalCommand.ExecuteReaderAsync(RelationalCommandParameterObject parameterObject, CancellationToken cancellationToken)
   at Microsoft.EntityFrameworkCore.Storage.RelationalCommand.ExecuteReaderAsync(RelationalCommandParameterObject parameterObject, CancellationToken cancellationToken)
   at Microsoft.EntityFrameworkCore.Update.ReaderModificationCommandBatch.ExecuteAsync(IRelationalConnection connection, CancellationToken cancellationToken)
ClientConnectionId:b4660b81-95db-44d0-9284-b019f05dd509
Error Number:547,State:0,Class:16
   --- End of inner exception stack trace ---
   at Microsoft.EntityFrameworkCore.Update.ReaderModificationCommandBatch.ExecuteAsync(IRelationalConnection connection, CancellationToken cancellationToken)
   at Microsoft.EntityFrameworkCore.Update.Internal.BatchExecutor.ExecuteAsync(IEnumerable`1 commandBatches, IRelationalConnection connection, CancellationToken cancellationToken)
   at Microsoft.EntityFrameworkCore.Update.Internal.BatchExecutor.ExecuteAsync(IEnumerable`1 commandBatches, IRelationalConnection connection, CancellationToken cancellationToken)
   at Microsoft.EntityFrameworkCore.Update.Internal.BatchExecutor.ExecuteAsync(IEnumerable`1 commandBatches, IRelationalConnection connection, CancellationToken cancellationToken)
   at Microsoft.EntityFrameworkCore.ChangeTracking.Internal.StateManager.SaveChangesAsync(IList`1 entriesToSave, CancellationToken cancellationToken)
   at Microsoft.EntityFrameworkCore.ChangeTracking.Internal.StateManager.SaveChangesAsync(DbContext _, Boolean acceptAllChangesOnSuccess, CancellationToken cancellationToken)
   at Microsoft.EntityFrameworkCore.SqlServer.Storage.Internal.SqlServerExecutionStrategy.ExecuteAsync[TState,TResult](TState state, Func`4 operation, Func`4 verifySucceeded, CancellationToken cancellationToken)
   at Microsoft.EntityFrameworkCore.DbContext.SaveChangesAsync(Boolean acceptAllChangesOnSuccess, CancellationToken cancellationToken)
2021-02-06 19:37:03.3189|ERROR|Microsoft.AspNetCore.Diagnostics.ExceptionHandlerMiddleware|An unhandled exception has occurred while executing the request.
2021-02-06 19:37:03.3283|ERROR|SampleProject.Controllers.ErrorController|The Path /Administrator/DeleteRole/6cab166c-b26c-4aad-a21a-d630030993d7 throw as exception Microsoft.EntityFrameworkCore.DbUpdateException: An error occurred while updating the entries. See the inner exception for details.
 ---> Microsoft.Data.SqlClient.SqlException (0x80131904): The DELETE statement conflicted with the REFERENCE constraint "FK_AspNetUserRoles_AspNetRoles_RoleId". The conflict occurred in database "OurDb", table "dbo.AspNetUserRoles", column 'RoleId'.
The statement has been terminated.
   at Microsoft.Data.SqlClient.SqlCommand.<>c.<ExecuteDbDataReaderAsync>b__169_0(Task`1 result)
   at System.Threading.Tasks.ContinuationResultTaskFromResultTask`2.InnerInvoke()
   at System.Threading.Tasks.Task.<>c.<.cctor>b__274_0(Object obj)
   at System.Threading.ExecutionContext.RunInternal(ExecutionContext executionContext, ContextCallback callback, Object state)
--- End of stack trace from previous location where exception was thrown ---
   at System.Threading.Tasks.Task.ExecuteWithThreadLocal(Task& currentTaskSlot, Thread threadPoolThread)
--- End of stack trace from previous location where exception was thrown ---
   at Microsoft.EntityFrameworkCore.Storage.RelationalCommand.ExecuteReaderAsync(RelationalCommandParameterObject parameterObject, CancellationToken cancellationToken)
   at Microsoft.EntityFrameworkCore.Storage.RelationalCommand.ExecuteReaderAsync(RelationalCommandParameterObject parameterObject, CancellationToken cancellationToken)
   at Microsoft.EntityFrameworkCore.Update.ReaderModificationCommandBatch.ExecuteAsync(IRelationalConnection connection, CancellationToken cancellationToken)
ClientConnectionId:b4660b81-95db-44d0-9284-b019f05dd509
Error Number:547,State:0,Class:16
   --- End of inner exception stack trace ---
   at Microsoft.EntityFrameworkCore.Update.ReaderModificationCommandBatch.ExecuteAsync(IRelationalConnection connection, CancellationToken cancellationToken)
   at Microsoft.EntityFrameworkCore.Update.Internal.BatchExecutor.ExecuteAsync(IEnumerable`1 commandBatches, IRelationalConnection connection, CancellationToken cancellationToken)
   at Microsoft.EntityFrameworkCore.Update.Internal.BatchExecutor.ExecuteAsync(IEnumerable`1 commandBatches, IRelationalConnection connection, CancellationToken cancellationToken)
   at Microsoft.EntityFrameworkCore.Update.Internal.BatchExecutor.ExecuteAsync(IEnumerable`1 commandBatches, IRelationalConnection connection, CancellationToken cancellationToken)
   at Microsoft.EntityFrameworkCore.ChangeTracking.Internal.StateManager.SaveChangesAsync(IList`1 entriesToSave, CancellationToken cancellationToken)
   at Microsoft.EntityFrameworkCore.ChangeTracking.Internal.StateManager.SaveChangesAsync(DbContext _, Boolean acceptAllChangesOnSuccess, CancellationToken cancellationToken)
   at Microsoft.EntityFrameworkCore.SqlServer.Storage.Internal.SqlServerExecutionStrategy.ExecuteAsync[TState,TResult](TState state, Func`4 operation, Func`4 verifySucceeded, CancellationToken cancellationToken)
   at Microsoft.EntityFrameworkCore.DbContext.SaveChangesAsync(Boolean acceptAllChangesOnSuccess, CancellationToken cancellationToken)
   at Microsoft.EntityFrameworkCore.DbContext.SaveChangesAsync(Boolean acceptAllChangesOnSuccess, CancellationToken cancellationToken)
   at Microsoft.AspNetCore.Identity.EntityFrameworkCore.RoleStore`5.SaveChanges(CancellationToken cancellationToken)
   at Microsoft.AspNetCore.Identity.EntityFrameworkCore.RoleStore`5.DeleteAsync(TRole role, CancellationToken cancellationToken)
   at SampleProject.Controllers.AdministratorController.DeleteRole(String id) in D:\cSharp\Core\DotNet-Core\SampleProject\Controllers\AdministratorController.cs:line 219
   at Microsoft.AspNetCore.Mvc.Infrastructure.ActionMethodExecutor.TaskOfIActionResultExecutor.Execute(IActionResultTypeMapper mapper, ObjectMethodExecutor executor, Object controller, Object[] arguments)
   at Microsoft.AspNetCore.Mvc.Infrastructure.ControllerActionInvoker.<InvokeActionMethodAsync>g__Awaited|12_0(ControllerActionInvoker invoker, ValueTask`1 actionResultValueTask)
   at Microsoft.AspNetCore.Mvc.Infrastructure.ControllerActionInvoker.<InvokeNextActionFilterAsync>g__Awaited|10_0(ControllerActionInvoker invoker, Task lastTask, State next, Scope scope, Object state, Boolean isCompleted)
   at Microsoft.AspNetCore.Mvc.Infrastructure.ControllerActionInvoker.Rethrow(ActionExecutedContextSealed context)
   at Microsoft.AspNetCore.Mvc.Infrastructure.ControllerActionInvoker.Next(State& next, Scope& scope, Object& state, Boolean& isCompleted)
   at Microsoft.AspNetCore.Mvc.Infrastructure.ControllerActionInvoker.<InvokeInnerFilterAsync>g__Awaited|13_0(ControllerActionInvoker invoker, Task lastTask, State next, Scope scope, Object state, Boolean isCompleted)
   at Microsoft.AspNetCore.Mvc.Infrastructure.ResourceInvoker.<InvokeNextResourceFilter>g__Awaited|24_0(ResourceInvoker invoker, Task lastTask, State next, Scope scope, Object state, Boolean isCompleted)
   at Microsoft.AspNetCore.Mvc.Infrastructure.ResourceInvoker.Rethrow(ResourceExecutedContextSealed context)
   at Microsoft.AspNetCore.Mvc.Infrastructure.ResourceInvoker.Next(State& next, Scope& scope, Object& state, Boolean& isCompleted)
   at Microsoft.AspNetCore.Mvc.Infrastructure.ResourceInvoker.<InvokeFilterPipelineAsync>g__Awaited|19_0(ResourceInvoker invoker, Task lastTask, State next, Scope scope, Object state, Boolean isCompleted)
   at Microsoft.AspNetCore.Mvc.Infrastructure.ResourceInvoker.<InvokeAsync>g__Awaited|17_0(ResourceInvoker invoker, Task task, IDisposable scope)
   at Microsoft.AspNetCore.Builder.RouterMiddleware.Invoke(HttpContext httpContext)
   at Microsoft.AspNetCore.Authorization.AuthorizationMiddleware.Invoke(HttpContext context)
   at Microsoft.AspNetCore.Authentication.AuthenticationMiddleware.Invoke(HttpContext context)
   at Microsoft.AspNetCore.Diagnostics.StatusCodePagesMiddleware.Invoke(HttpContext context)
   at Microsoft.AspNetCore.Diagnostics.ExceptionHandlerMiddleware.<Invoke>g__Awaited|6_0(ExceptionHandlerMiddleware middleware, HttpContext context, Task task)
2021-02-06 19:37:22.6334|ERROR|Microsoft.EntityFrameworkCore.Database.Command|Failed executing DbCommand (4ms) [Parameters=[@p0='?' (Size = 450), @p1='?' (Size = 4000)], CommandType='Text', CommandTimeout='30']
SET NOCOUNT ON;
DELETE FROM [AspNetRoles]
WHERE [Id] = @p0 AND [ConcurrencyStamp] = @p1;
SELECT @@ROWCOUNT;
2021-02-06 19:37:22.6643|ERROR|Microsoft.EntityFrameworkCore.Update|An exception occurred in the database while saving changes for context type 'SampleProject.Models.AppDbContext'.
Microsoft.EntityFrameworkCore.DbUpdateException: An error occurred while updating the entries. See the inner exception for details.
 ---> Microsoft.Data.SqlClient.SqlException (0x80131904): The DELETE statement conflicted with the REFERENCE constraint "FK_AspNetUserRoles_AspNetRoles_RoleId". The conflict occurred in database "OurDb", table "dbo.AspNetUserRoles", column 'RoleId'.
The statement has been terminated.
   at Microsoft.Data.SqlClient.SqlCommand.<>c.<ExecuteDbDataReaderAsync>b__169_0(Task`1 result)
   at System.Threading.Tasks.ContinuationResultTaskFromResultTask`2.InnerInvoke()
   at System.Threading.Tasks.Task.<>c.<.cctor>b__274_0(Object obj)
   at System.Threading.ExecutionContext.RunInternal(ExecutionContext executionContext, ContextCallback callback, Object state)
--- End of stack trace from previous location where exception was thrown ---
   at System.Threading.Tasks.Task.ExecuteWithThreadLocal(Task& currentTaskSlot, Thread threadPoolThread)
--- End of stack trace from previous location where exception was thrown ---
   at Microsoft.EntityFrameworkCore.Storage.RelationalCommand.ExecuteReaderAsync(RelationalCommandParameterObject parameterObject, CancellationToken cancellationToken)
   at Microsoft.EntityFrameworkCore.Storage.RelationalCommand.ExecuteReaderAsync(RelationalCommandParameterObject parameterObject, CancellationToken cancellationToken)
   at Microsoft.EntityFrameworkCore.Update.ReaderModificationCommandBatch.ExecuteAsync(IRelationalConnection connection, CancellationToken cancellationToken)
ClientConnectionId:b4660b81-95db-44d0-9284-b019f05dd509
Error Number:547,State:0,Class:16
   --- End of inner exception stack trace ---
   at Microsoft.EntityFrameworkCore.Update.ReaderModificationCommandBatch.ExecuteAsync(IRelationalConnection connection, CancellationToken cancellationToken)
   at Microsoft.EntityFrameworkCore.Update.Internal.BatchExecutor.ExecuteAsync(IEnumerable`1 commandBatches, IRelationalConnection connection, CancellationToken cancellationToken)
   at Microsoft.EntityFrameworkCore.Update.Internal.BatchExecutor.ExecuteAsync(IEnumerable`1 commandBatches, IRelationalConnection connection, CancellationToken cancellationToken)
   at Microsoft.EntityFrameworkCore.Update.Internal.BatchExecutor.ExecuteAsync(IEnumerable`1 commandBatches, IRelationalConnection connection, CancellationToken cancellationToken)
   at Microsoft.EntityFrameworkCore.ChangeTracking.Internal.StateManager.SaveChangesAsync(IList`1 entriesToSave, CancellationToken cancellationToken)
   at Microsoft.EntityFrameworkCore.ChangeTracking.Internal.StateManager.SaveChangesAsync(DbContext _, Boolean acceptAllChangesOnSuccess, CancellationToken cancellationToken)
   at Microsoft.EntityFrameworkCore.SqlServer.Storage.Internal.SqlServerExecutionStrategy.ExecuteAsync[TState,TResult](TState state, Func`4 operation, Func`4 verifySucceeded, CancellationToken cancellationToken)
   at Microsoft.EntityFrameworkCore.DbContext.SaveChangesAsync(Boolean acceptAllChangesOnSuccess, CancellationToken cancellationToken)
2021-02-06 19:37:22.6911|ERROR|Microsoft.AspNetCore.Diagnostics.ExceptionHandlerMiddleware|An unhandled exception has occurred while executing the request.
2021-02-06 19:37:22.7018|ERROR|SampleProject.Controllers.ErrorController|The Path /Administrator/DeleteRole/6cab166c-b26c-4aad-a21a-d630030993d7 throw as exception Microsoft.EntityFrameworkCore.DbUpdateException: An error occurred while updating the entries. See the inner exception for details.
 ---> Microsoft.Data.SqlClient.SqlException (0x80131904): The DELETE statement conflicted with the REFERENCE constraint "FK_AspNetUserRoles_AspNetRoles_RoleId". The conflict occurred in database "OurDb", table "dbo.AspNetUserRoles", column 'RoleId'.
The statement has been terminated.
   at Microsoft.Data.SqlClient.SqlCommand.<>c.<ExecuteDbDataReaderAsync>b__169_0(Task`1 result)
   at System.Threading.Tasks.ContinuationResultTaskFromResultTask`2.InnerInvoke()
   at System.Threading.Tasks.Task.<>c.<.cctor>b__274_0(Object obj)
   at System.Threading.ExecutionContext.RunInternal(ExecutionContext executionContext, ContextCallback callback, Object state)
--- End of stack trace from previous location where exception was thrown ---
   at System.Threading.Tasks.Task.ExecuteWithThreadLocal(Task& currentTaskSlot, Thread threadPoolThread)
--- End of stack trace from previous location where exception was thrown ---
   at Microsoft.EntityFrameworkCore.Storage.RelationalCommand.ExecuteReaderAsync(RelationalCommandParameterObject parameterObject, CancellationToken cancellationToken)
   at Microsoft.EntityFrameworkCore.Storage.RelationalCommand.ExecuteReaderAsync(RelationalCommandParameterObject parameterObject, CancellationToken cancellationToken)
   at Microsoft.EntityFrameworkCore.Update.ReaderModificationCommandBatch.ExecuteAsync(IRelationalConnection connection, CancellationToken cancellationToken)
ClientConnectionId:b4660b81-95db-44d0-9284-b019f05dd509
Error Number:547,State:0,Class:16
   --- End of inner exception stack trace ---
   at Microsoft.EntityFrameworkCore.Update.ReaderModificationCommandBatch.ExecuteAsync(IRelationalConnection connection, CancellationToken cancellationToken)
   at Microsoft.EntityFrameworkCore.Update.Internal.BatchExecutor.ExecuteAsync(IEnumerable`1 commandBatches, IRelationalConnection connection, CancellationToken cancellationToken)
   at Microsoft.EntityFrameworkCore.Update.Internal.BatchExecutor.ExecuteAsync(IEnumerable`1 commandBatches, IRelationalConnection connection, CancellationToken cancellationToken)
   at Microsoft.EntityFrameworkCore.Update.Internal.BatchExecutor.ExecuteAsync(IEnumerable`1 commandBatches, IRelationalConnection connection, CancellationToken cancellationToken)
   at Microsoft.EntityFrameworkCore.ChangeTracking.Internal.StateManager.SaveChangesAsync(IList`1 entriesToSave, CancellationToken cancellationToken)
   at Microsoft.EntityFrameworkCore.ChangeTracking.Internal.StateManager.SaveChangesAsync(DbContext _, Boolean acceptAllChangesOnSuccess, CancellationToken cancellationToken)
   at Microsoft.EntityFrameworkCore.SqlServer.Storage.Internal.SqlServerExecutionStrategy.ExecuteAsync[TState,TResult](TState state, Func`4 operation, Func`4 verifySucceeded, CancellationToken cancellationToken)
   at Microsoft.EntityFrameworkCore.DbContext.SaveChangesAsync(Boolean acceptAllChangesOnSuccess, CancellationToken cancellationToken)
   at Microsoft.EntityFrameworkCore.DbContext.SaveChangesAsync(Boolean acceptAllChangesOnSuccess, CancellationToken cancellationToken)
   at Microsoft.AspNetCore.Identity.EntityFrameworkCore.RoleStore`5.SaveChanges(CancellationToken cancellationToken)
   at Microsoft.AspNetCore.Identity.EntityFrameworkCore.RoleStore`5.DeleteAsync(TRole role, CancellationToken cancellationToken)
   at SampleProject.Controllers.AdministratorController.DeleteRole(String id) in D:\cSharp\Core\DotNet-Core\SampleProject\Controllers\AdministratorController.cs:line 219
   at Microsoft.AspNetCore.Mvc.Infrastructure.ActionMethodExecutor.TaskOfIActionResultExecutor.Execute(IActionResultTypeMapper mapper, ObjectMethodExecutor executor, Object controller, Object[] arguments)
   at Microsoft.AspNetCore.Mvc.Infrastructure.ControllerActionInvoker.<InvokeActionMethodAsync>g__Awaited|12_0(ControllerActionInvoker invoker, ValueTask`1 actionResultValueTask)
   at Microsoft.AspNetCore.Mvc.Infrastructure.ControllerActionInvoker.<InvokeNextActionFilterAsync>g__Awaited|10_0(ControllerActionInvoker invoker, Task lastTask, State next, Scope scope, Object state, Boolean isCompleted)
   at Microsoft.AspNetCore.Mvc.Infrastructure.ControllerActionInvoker.Rethrow(ActionExecutedContextSealed context)
   at Microsoft.AspNetCore.Mvc.Infrastructure.ControllerActionInvoker.Next(State& next, Scope& scope, Object& state, Boolean& isCompleted)
   at Microsoft.AspNetCore.Mvc.Infrastructure.ControllerActionInvoker.<InvokeInnerFilterAsync>g__Awaited|13_0(ControllerActionInvoker invoker, Task lastTask, State next, Scope scope, Object state, Boolean isCompleted)
   at Microsoft.AspNetCore.Mvc.Infrastructure.ResourceInvoker.<InvokeNextResourceFilter>g__Awaited|24_0(ResourceInvoker invoker, Task lastTask, State next, Scope scope, Object state, Boolean isCompleted)
   at Microsoft.AspNetCore.Mvc.Infrastructure.ResourceInvoker.Rethrow(ResourceExecutedContextSealed context)
   at Microsoft.AspNetCore.Mvc.Infrastructure.ResourceInvoker.Next(State& next, Scope& scope, Object& state, Boolean& isCompleted)
   at Microsoft.AspNetCore.Mvc.Infrastructure.ResourceInvoker.<InvokeFilterPipelineAsync>g__Awaited|19_0(ResourceInvoker invoker, Task lastTask, State next, Scope scope, Object state, Boolean isCompleted)
   at Microsoft.AspNetCore.Mvc.Infrastructure.ResourceInvoker.<InvokeAsync>g__Awaited|17_0(ResourceInvoker invoker, Task task, IDisposable scope)
   at Microsoft.AspNetCore.Builder.RouterMiddleware.Invoke(HttpContext httpContext)
   at Microsoft.AspNetCore.Authorization.AuthorizationMiddleware.Invoke(HttpContext context)
   at Microsoft.AspNetCore.Authentication.AuthenticationMiddleware.Invoke(HttpContext context)
   at Microsoft.AspNetCore.Diagnostics.StatusCodePagesMiddleware.Invoke(HttpContext context)
   at Microsoft.AspNetCore.Diagnostics.ExceptionHandlerMiddleware.<Invoke>g__Awaited|6_0(ExceptionHandlerMiddleware middleware, HttpContext context, Task task)
2021-02-06 19:43:11.4380|WARN|SampleProject.Controllers.ErrorController|404 Error Occured. Path =/favicon.ico and QS = 
2021-02-06 19:43:17.2772|ERROR|Microsoft.EntityFrameworkCore.Database.Command|Failed executing DbCommand (42ms) [Parameters=[@p0='?' (Size = 450), @p1='?' (Size = 4000)], CommandType='Text', CommandTimeout='30']
SET NOCOUNT ON;
DELETE FROM [AspNetRoles]
WHERE [Id] = @p0 AND [ConcurrencyStamp] = @p1;
SELECT @@ROWCOUNT;
2021-02-06 19:43:17.3690|ERROR|Microsoft.EntityFrameworkCore.Update|An exception occurred in the database while saving changes for context type 'SampleProject.Models.AppDbContext'.
Microsoft.EntityFrameworkCore.DbUpdateException: An error occurred while updating the entries. See the inner exception for details.
 ---> Microsoft.Data.SqlClient.SqlException (0x80131904): The DELETE statement conflicted with the REFERENCE constraint "FK_AspNetUserRoles_AspNetRoles_RoleId". The conflict occurred in database "OurDb", table "dbo.AspNetUserRoles", column 'RoleId'.
The statement has been terminated.
   at Microsoft.Data.SqlClient.SqlCommand.<>c.<ExecuteDbDataReaderAsync>b__169_0(Task`1 result)
   at System.Threading.Tasks.ContinuationResultTaskFromResultTask`2.InnerInvoke()
   at System.Threading.Tasks.Task.<>c.<.cctor>b__274_0(Object obj)
   at System.Threading.ExecutionContext.RunInternal(ExecutionContext executionContext, ContextCallback callback, Object state)
--- End of stack trace from previous location where exception was thrown ---
   at System.Threading.ExecutionContext.RunInternal(ExecutionContext executionContext, ContextCallback callback, Object state)
   at System.Threading.Tasks.Task.ExecuteWithThreadLocal(Task& currentTaskSlot, Thread threadPoolThread)
--- End of stack trace from previous location where exception was thrown ---
   at Microsoft.EntityFrameworkCore.Storage.RelationalCommand.ExecuteReaderAsync(RelationalCommandParameterObject parameterObject, CancellationToken cancellationToken)
   at Microsoft.EntityFrameworkCore.Storage.RelationalCommand.ExecuteReaderAsync(RelationalCommandParameterObject parameterObject, CancellationToken cancellationToken)
   at Microsoft.EntityFrameworkCore.Update.ReaderModificationCommandBatch.ExecuteAsync(IRelationalConnection connection, CancellationToken cancellationToken)
ClientConnectionId:8566d92e-1b66-4f10-8ef3-188382d3d449
Error Number:547,State:0,Class:16
   --- End of inner exception stack trace ---
   at Microsoft.EntityFrameworkCore.Update.ReaderModificationCommandBatch.ExecuteAsync(IRelationalConnection connection, CancellationToken cancellationToken)
   at Microsoft.EntityFrameworkCore.Update.Internal.BatchExecutor.ExecuteAsync(IEnumerable`1 commandBatches, IRelationalConnection connection, CancellationToken cancellationToken)
   at Microsoft.EntityFrameworkCore.Update.Internal.BatchExecutor.ExecuteAsync(IEnumerable`1 commandBatches, IRelationalConnection connection, CancellationToken cancellationToken)
   at Microsoft.EntityFrameworkCore.Update.Internal.BatchExecutor.ExecuteAsync(IEnumerable`1 commandBatches, IRelationalConnection connection, CancellationToken cancellationToken)
   at Microsoft.EntityFrameworkCore.ChangeTracking.Internal.StateManager.SaveChangesAsync(IList`1 entriesToSave, CancellationToken cancellationToken)
   at Microsoft.EntityFrameworkCore.ChangeTracking.Internal.StateManager.SaveChangesAsync(DbContext _, Boolean acceptAllChangesOnSuccess, CancellationToken cancellationToken)
   at Microsoft.EntityFrameworkCore.SqlServer.Storage.Internal.SqlServerExecutionStrategy.ExecuteAsync[TState,TResult](TState state, Func`4 operation, Func`4 verifySucceeded, CancellationToken cancellationToken)
   at Microsoft.EntityFrameworkCore.DbContext.SaveChangesAsync(Boolean acceptAllChangesOnSuccess, CancellationToken cancellationToken)
2021-02-06 19:45:06.5825|WARN|SampleProject.Controllers.ErrorController|404 Error Occured. Path =/favicon.ico and QS = 
2021-02-06 19:45:41.4760|ERROR|Microsoft.EntityFrameworkCore.Database.Command|Failed executing DbCommand (31ms) [Parameters=[@p0='?' (Size = 450), @p1='?' (Size = 4000)], CommandType='Text', CommandTimeout='30']
SET NOCOUNT ON;
DELETE FROM [AspNetRoles]
WHERE [Id] = @p0 AND [ConcurrencyStamp] = @p1;
SELECT @@ROWCOUNT;
2021-02-06 19:45:41.5705|ERROR|Microsoft.EntityFrameworkCore.Update|An exception occurred in the database while saving changes for context type 'SampleProject.Models.AppDbContext'.
Microsoft.EntityFrameworkCore.DbUpdateException: An error occurred while updating the entries. See the inner exception for details.
 ---> Microsoft.Data.SqlClient.SqlException (0x80131904): The DELETE statement conflicted with the REFERENCE constraint "FK_AspNetUserRoles_AspNetRoles_RoleId". The conflict occurred in database "OurDb", table "dbo.AspNetUserRoles", column 'RoleId'.
The statement has been terminated.
   at Microsoft.Data.SqlClient.SqlCommand.<>c.<ExecuteDbDataReaderAsync>b__169_0(Task`1 result)
   at System.Threading.Tasks.ContinuationResultTaskFromResultTask`2.InnerInvoke()
   at System.Threading.Tasks.Task.<>c.<.cctor>b__274_0(Object obj)
   at System.Threading.ExecutionContext.RunInternal(ExecutionContext executionContext, ContextCallback callback, Object state)
--- End of stack trace from previous location where exception was thrown ---
   at System.Threading.ExecutionContext.RunInternal(ExecutionContext executionContext, ContextCallback callback, Object state)
   at System.Threading.Tasks.Task.ExecuteWithThreadLocal(Task& currentTaskSlot, Thread threadPoolThread)
--- End of stack trace from previous location where exception was thrown ---
   at Microsoft.EntityFrameworkCore.Storage.RelationalCommand.ExecuteReaderAsync(RelationalCommandParameterObject parameterObject, CancellationToken cancellationToken)
   at Microsoft.EntityFrameworkCore.Storage.RelationalCommand.ExecuteReaderAsync(RelationalCommandParameterObject parameterObject, CancellationToken cancellationToken)
   at Microsoft.EntityFrameworkCore.Update.ReaderModificationCommandBatch.ExecuteAsync(IRelationalConnection connection, CancellationToken cancellationToken)
ClientConnectionId:172e7874-8fb9-4e32-9507-23336f0e756c
Error Number:547,State:0,Class:16
   --- End of inner exception stack trace ---
   at Microsoft.EntityFrameworkCore.Update.ReaderModificationCommandBatch.ExecuteAsync(IRelationalConnection connection, CancellationToken cancellationToken)
   at Microsoft.EntityFrameworkCore.Update.Internal.BatchExecutor.ExecuteAsync(IEnumerable`1 commandBatches, IRelationalConnection connection, CancellationToken cancellationToken)
   at Microsoft.EntityFrameworkCore.Update.Internal.BatchExecutor.ExecuteAsync(IEnumerable`1 commandBatches, IRelationalConnection connection, CancellationToken cancellationToken)
   at Microsoft.EntityFrameworkCore.Update.Internal.BatchExecutor.ExecuteAsync(IEnumerable`1 commandBatches, IRelationalConnection connection, CancellationToken cancellationToken)
   at Microsoft.EntityFrameworkCore.ChangeTracking.Internal.StateManager.SaveChangesAsync(IList`1 entriesToSave, CancellationToken cancellationToken)
   at Microsoft.EntityFrameworkCore.ChangeTracking.Internal.StateManager.SaveChangesAsync(DbContext _, Boolean acceptAllChangesOnSuccess, CancellationToken cancellationToken)
   at Microsoft.EntityFrameworkCore.SqlServer.Storage.Internal.SqlServerExecutionStrategy.ExecuteAsync[TState,TResult](TState state, Func`4 operation, Func`4 verifySucceeded, CancellationToken cancellationToken)
   at Microsoft.EntityFrameworkCore.DbContext.SaveChangesAsync(Boolean acceptAllChangesOnSuccess, CancellationToken cancellationToken)
2021-02-06 19:48:45.2251|ERROR|Microsoft.EntityFrameworkCore.Database.Command|Failed executing DbCommand (60ms) [Parameters=[@p0='?' (Size = 450), @p1='?' (Size = 4000)], CommandType='Text', CommandTimeout='30']
SET NOCOUNT ON;
DELETE FROM [AspNetRoles]
WHERE [Id] = @p0 AND [ConcurrencyStamp] = @p1;
SELECT @@ROWCOUNT;
2021-02-06 19:48:45.4324|ERROR|Microsoft.EntityFrameworkCore.Update|An exception occurred in the database while saving changes for context type 'SampleProject.Models.AppDbContext'.
Microsoft.EntityFrameworkCore.DbUpdateException: An error occurred while updating the entries. See the inner exception for details.
 ---> Microsoft.Data.SqlClient.SqlException (0x80131904): The DELETE statement conflicted with the REFERENCE constraint "FK_AspNetUserRoles_AspNetRoles_RoleId". The conflict occurred in database "OurDb", table "dbo.AspNetUserRoles", column 'RoleId'.
The statement has been terminated.
   at Microsoft.Data.SqlClient.SqlCommand.<>c.<ExecuteDbDataReaderAsync>b__169_0(Task`1 result)
   at System.Threading.Tasks.ContinuationResultTaskFromResultTask`2.InnerInvoke()
   at System.Threading.Tasks.Task.<>c.<.cctor>b__274_0(Object obj)
   at System.Threading.ExecutionContext.RunInternal(ExecutionContext executionContext, ContextCallback callback, Object state)
--- End of stack trace from previous location where exception was thrown ---
   at System.Threading.ExecutionContext.RunInternal(ExecutionContext executionContext, ContextCallback callback, Object state)
   at System.Threading.Tasks.Task.ExecuteWithThreadLocal(Task& currentTaskSlot, Thread threadPoolThread)
--- End of stack trace from previous location where exception was thrown ---
   at Microsoft.EntityFrameworkCore.Storage.RelationalCommand.ExecuteReaderAsync(RelationalCommandParameterObject parameterObject, CancellationToken cancellationToken)
   at Microsoft.EntityFrameworkCore.Storage.RelationalCommand.ExecuteReaderAsync(RelationalCommandParameterObject parameterObject, CancellationToken cancellationToken)
   at Microsoft.EntityFrameworkCore.Update.ReaderModificationCommandBatch.ExecuteAsync(IRelationalConnection connection, CancellationToken cancellationToken)
ClientConnectionId:b646e3a1-5eb2-410d-a19f-12c30e0d4f56
Error Number:547,State:0,Class:16
   --- End of inner exception stack trace ---
   at Microsoft.EntityFrameworkCore.Update.ReaderModificationCommandBatch.ExecuteAsync(IRelationalConnection connection, CancellationToken cancellationToken)
   at Microsoft.EntityFrameworkCore.Update.Internal.BatchExecutor.ExecuteAsync(IEnumerable`1 commandBatches, IRelationalConnection connection, CancellationToken cancellationToken)
   at Microsoft.EntityFrameworkCore.Update.Internal.BatchExecutor.ExecuteAsync(IEnumerable`1 commandBatches, IRelationalConnection connection, CancellationToken cancellationToken)
   at Microsoft.EntityFrameworkCore.Update.Internal.BatchExecutor.ExecuteAsync(IEnumerable`1 commandBatches, IRelationalConnection connection, CancellationToken cancellationToken)
   at Microsoft.EntityFrameworkCore.ChangeTracking.Internal.StateManager.SaveChangesAsync(IList`1 entriesToSave, CancellationToken cancellationToken)
   at Microsoft.EntityFrameworkCore.ChangeTracking.Internal.StateManager.SaveChangesAsync(DbContext _, Boolean acceptAllChangesOnSuccess, CancellationToken cancellationToken)
   at Microsoft.EntityFrameworkCore.SqlServer.Storage.Internal.SqlServerExecutionStrategy.ExecuteAsync[TState,TResult](TState state, Func`4 operation, Func`4 verifySucceeded, CancellationToken cancellationToken)
   at Microsoft.EntityFrameworkCore.DbContext.SaveChangesAsync(Boolean acceptAllChangesOnSuccess, CancellationToken cancellationToken)
2021-02-06 19:48:45.4514|ERROR|SampleProject.Controllers.AdministratorController|Error Deleting Role
2021-02-06 19:48:45.9240|WARN|SampleProject.Controllers.ErrorController|404 Error Occured. Path =/favicon.ico and QS = 
2021-02-06 20:13:31.8411|WARN|SampleProject.Controllers.ErrorController|404 Error Occured. Path =/favicon.ico and QS = 
2021-02-06 20:14:30.3196|WARN|SampleProject.Controllers.ErrorController|404 Error Occured. Path =/favicon.ico and QS = 
2021-02-06 20:14:41.7268|WARN|SampleProject.Controllers.ErrorController|404 Error Occured. Path =/favicon.ico and QS = 
2021-02-06 20:14:48.8128|WARN|SampleProject.Controllers.ErrorController|404 Error Occured. Path =/Administrator/ManageUserRoles and QS = ?userId=373dccd6-45cf-4d18-b1f5-81fd1c65cbdd
2021-02-06 20:27:20.1969|WARN|SampleProject.Controllers.ErrorController|404 Error Occured. Path =/favicon.ico and QS = 
2021-02-06 22:14:58.3628|WARN|SampleProject.Controllers.ErrorController|404 Error Occured. Path =/favicon.ico and QS = 
2021-02-06 22:15:05.1615|WARN|SampleProject.Controllers.ErrorController|404 Error Occured. Path =/Administrator/ManageUserClaims and QS = ?userId=9f329972-3700-4328-9ccf-e0f01b701706
2021-02-06 22:21:02.8383|WARN|SampleProject.Controllers.ErrorController|404 Error Occured. Path =/favicon.ico and QS = 
