2021-02-03 14:26:02.7379|WARN|Microsoft.AspNetCore.Identity.UserManager|Invalid password for user.
2021-02-03 14:26:02.8050|WARN|Microsoft.AspNetCore.Identity.SignInManager|User 31b46106-6da5-403a-99a6-a95c05e86897 failed to provide the correct password.
2021-02-03 14:26:11.3516|WARN|SampleProject.Controllers.ErrorController|404 Error Occured. Path =/Account/%2Fhome%2Fcreate and QS = 
2021-02-03 14:26:11.5988|WARN|SampleProject.Controllers.ErrorController|404 Error Occured. Path =/favicon.ico and QS = 
2021-02-03 14:27:14.5795|WARN|Microsoft.AspNetCore.Identity.UserManager|Invalid password for user.
2021-02-03 14:27:14.5795|WARN|Microsoft.AspNetCore.Identity.SignInManager|User 31b46106-6da5-403a-99a6-a95c05e86897 failed to provide the correct password.
2021-02-03 14:27:21.3163|WARN|SampleProject.Controllers.ErrorController|404 Error Occured. Path =/Account/%2Fhome%2Fcreate and QS = 
2021-02-03 14:29:59.9089|WARN|SampleProject.Controllers.ErrorController|404 Error Occured. Path =/Account/%2Fhome%2Fcreate and QS = 
2021-02-03 14:30:49.0600|WARN|SampleProject.Controllers.ErrorController|404 Error Occured. Path =/Account/%2Fhome%2Fcreate and QS = 
2021-02-03 14:31:38.9614|WARN|SampleProject.Controllers.ErrorController|404 Error Occured. Path =/Account/%2Fhome%2Fcreate and QS = 
2021-02-03 14:32:32.2629|WARN|SampleProject.Controllers.ErrorController|404 Error Occured. Path =/Account/%2Fhome%2Fcreate and QS = 
2021-02-03 14:37:41.5676|WARN|SampleProject.Controllers.ErrorController|404 Error Occured. Path =/favicon.ico and QS = 
2021-02-03 14:39:01.4502|WARN|SampleProject.Controllers.ErrorController|404 Error Occured. Path =/Account/%2Fhome%2Fcreate and QS = 
2021-02-03 14:39:09.3914|WARN|SampleProject.Controllers.ErrorController|404 Error Occured. Path =/%2Fhome%2Fcreate and QS = 
2021-02-03 14:39:21.7704|WARN|SampleProject.Controllers.ErrorController|404 Error Occured. Path =/home/Fcreate and QS = 
2021-02-03 14:46:36.7787|WARN|SampleProject.Controllers.ErrorController|404 Error Occured. Path =/favicon.ico and QS = 
2021-02-03 14:56:31.0561|WARN|SampleProject.Controllers.ErrorController|404 Error Occured. Path =/favicon.ico and QS = 
2021-02-03 15:10:31.8081|INFO|Microsoft.Hosting.Lifetime|Application started. Press Ctrl+C to shut down.
2021-02-03 15:10:31.8454|INFO|Microsoft.Hosting.Lifetime|Hosting environment: Development
2021-02-03 15:10:31.8454|INFO|Microsoft.Hosting.Lifetime|Content root path: D:\cSharp\Core\DotNet-Core\SampleProject
2021-02-03 15:11:43.4258|INFO|Microsoft.Hosting.Lifetime|Application started. Press Ctrl+C to shut down.
2021-02-03 15:11:43.4707|INFO|Microsoft.Hosting.Lifetime|Hosting environment: Development
2021-02-03 15:11:43.4707|INFO|Microsoft.Hosting.Lifetime|Content root path: D:\cSharp\Core\DotNet-Core\SampleProject
2021-02-03 15:12:44.8447|INFO|Microsoft.Hosting.Lifetime|Application started. Press Ctrl+C to shut down.
2021-02-03 15:12:44.9163|INFO|Microsoft.Hosting.Lifetime|Hosting environment: Development
2021-02-03 15:12:44.9273|INFO|Microsoft.Hosting.Lifetime|Content root path: D:\cSharp\Core\DotNet-Core\SampleProject
2021-02-03 15:13:29.3796|INFO|Microsoft.Hosting.Lifetime|Application started. Press Ctrl+C to shut down.
2021-02-03 15:13:29.4431|INFO|Microsoft.Hosting.Lifetime|Hosting environment: Development
2021-02-03 15:13:29.4431|INFO|Microsoft.Hosting.Lifetime|Content root path: D:\cSharp\Core\DotNet-Core\SampleProject
2021-02-03 20:21:03.2048|INFO|Microsoft.Hosting.Lifetime|Application started. Press Ctrl+C to shut down.
2021-02-03 20:21:03.2857|INFO|Microsoft.Hosting.Lifetime|Hosting environment: Development
2021-02-03 20:21:03.2857|INFO|Microsoft.Hosting.Lifetime|Content root path: D:\cSharp\Core\DotNet-Core\SampleProject
2021-02-03 20:22:54.8932|INFO|Microsoft.Hosting.Lifetime|Application started. Press Ctrl+C to shut down.
2021-02-03 20:22:54.9550|INFO|Microsoft.Hosting.Lifetime|Hosting environment: Development
2021-02-03 20:22:54.9550|INFO|Microsoft.Hosting.Lifetime|Content root path: D:\cSharp\Core\DotNet-Core\SampleProject
2021-02-03 20:30:36.1904|INFO|Microsoft.Hosting.Lifetime|Application started. Press Ctrl+C to shut down.
2021-02-03 20:30:36.2685|INFO|Microsoft.Hosting.Lifetime|Hosting environment: Development
2021-02-03 20:30:36.2685|INFO|Microsoft.Hosting.Lifetime|Content root path: D:\cSharp\Core\DotNet-Core\SampleProject
2021-02-03 20:38:47.6406|INFO|Microsoft.Hosting.Lifetime|Application started. Press Ctrl+C to shut down.
2021-02-03 20:38:47.7012|INFO|Microsoft.Hosting.Lifetime|Hosting environment: Development
2021-02-03 20:38:47.7066|INFO|Microsoft.Hosting.Lifetime|Content root path: D:\cSharp\Core\DotNet-Core\SampleProject
2021-02-03 20:48:58.5711|INFO|Microsoft.Hosting.Lifetime|Application started. Press Ctrl+C to shut down.
2021-02-03 20:48:58.6016|INFO|Microsoft.Hosting.Lifetime|Hosting environment: Development
2021-02-03 20:48:58.6016|INFO|Microsoft.Hosting.Lifetime|Content root path: D:\cSharp\Core\DotNet-Core\SampleProject
2021-02-03 20:49:34.0015|INFO|Microsoft.Hosting.Lifetime|Application started. Press Ctrl+C to shut down.
2021-02-03 20:49:34.0320|INFO|Microsoft.Hosting.Lifetime|Hosting environment: Development
2021-02-03 20:49:34.0320|INFO|Microsoft.Hosting.Lifetime|Content root path: D:\cSharp\Core\DotNet-Core\SampleProject
2021-02-03 20:49:52.4605|ERROR|Microsoft.AspNetCore.Mvc.ViewFeatures.ViewResultExecutor|The view 'CreateRole' was not found. Searched locations: /Views/Administrator/CreateRole.cshtml, /Views/Shared/CreateRole.cshtml, /Pages/Shared/CreateRole.cshtml
2021-02-03 20:49:53.3898|ERROR|Microsoft.AspNetCore.Diagnostics.DeveloperExceptionPageMiddleware|An unhandled exception has occurred while executing the request.
2021-02-03 20:50:34.3982|INFO|Microsoft.Hosting.Lifetime|Application started. Press Ctrl+C to shut down.
2021-02-03 20:50:34.4290|INFO|Microsoft.Hosting.Lifetime|Hosting environment: Development
2021-02-03 20:50:34.4290|INFO|Microsoft.Hosting.Lifetime|Content root path: D:\cSharp\Core\DotNet-Core\SampleProject
2021-02-03 20:51:18.7616|INFO|Microsoft.Hosting.Lifetime|Application started. Press Ctrl+C to shut down.
2021-02-03 20:51:18.7916|INFO|Microsoft.Hosting.Lifetime|Hosting environment: Development
2021-02-03 20:51:18.7916|INFO|Microsoft.Hosting.Lifetime|Content root path: D:\cSharp\Core\DotNet-Core\SampleProject
2021-02-03 20:59:58.2994|INFO|Microsoft.Hosting.Lifetime|Application started. Press Ctrl+C to shut down.
2021-02-03 20:59:58.3333|INFO|Microsoft.Hosting.Lifetime|Hosting environment: Development
2021-02-03 20:59:58.3333|INFO|Microsoft.Hosting.Lifetime|Content root path: D:\cSharp\Core\DotNet-Core\SampleProject
