2021-02-10 10:04:52.7670|ERROR|Microsoft.AspNetCore.Diagnostics.ExceptionHandlerMiddleware|An unhandled exception has occurred while executing the request.
2021-02-10 10:04:53.0075|ERROR|SampleProject.Controllers.ErrorController|The Path / throw as exception System.ArgumentNullException: Value cannot be null. (Parameter 'connectionString')
   at Microsoft.EntityFrameworkCore.Utilities.Check.NotEmpty(String value, String parameterName)
   at Microsoft.EntityFrameworkCore.SqlServerDbContextOptionsExtensions.UseSqlServer(DbContextOptionsBuilder optionsBuilder, String connectionString, Action`1 sqlServerOptionsAction)
   at SampleProject.Startup.<ConfigureServices>b__2_0(DbContextOptionsBuilder options) in D:\cSharp\Core\DotNet-Core\SampleProject\Startup.cs:line 34
   at Microsoft.Extensions.DependencyInjection.EntityFrameworkServiceCollectionExtensions.<>c__DisplayClass3_0`2.<AddDbContextPool>b__0(IServiceProvider _, DbContextOptionsBuilder ob)
   at Microsoft.Extensions.DependencyInjection.EntityFrameworkServiceCollectionExtensions.<>c__DisplayClass6_0`1.<AddPoolingOptions>b__0(IServiceProvider sp, DbContextOptionsBuilder ob)
   at Microsoft.Extensions.DependencyInjection.EntityFrameworkServiceCollectionExtensions.CreateDbContextOptions[TContext](IServiceProvider applicationServiceProvider, Action`2 optionsAction)
   at Microsoft.Extensions.DependencyInjection.EntityFrameworkServiceCollectionExtensions.<>c__DisplayClass17_0`1.<AddCoreServices>b__0(IServiceProvider p)
   at Microsoft.Extensions.DependencyInjection.ServiceLookup.CallSiteRuntimeResolver.VisitFactory(FactoryCallSite factoryCallSite, RuntimeResolverContext context)
   at Microsoft.Extensions.DependencyInjection.ServiceLookup.CallSiteVisitor`2.VisitCallSiteMain(ServiceCallSite callSite, TArgument argument)
   at Microsoft.Extensions.DependencyInjection.ServiceLookup.CallSiteRuntimeResolver.VisitCache(ServiceCallSite callSite, RuntimeResolverContext context, ServiceProviderEngineScope serviceProviderEngine, RuntimeResolverLock lockType)
   at Microsoft.Extensions.DependencyInjection.ServiceLookup.CallSiteRuntimeResolver.VisitRootCache(ServiceCallSite singletonCallSite, RuntimeResolverContext context)
   at Microsoft.Extensions.DependencyInjection.ServiceLookup.CallSiteVisitor`2.VisitCallSite(ServiceCallSite callSite, TArgument argument)
   at Microsoft.Extensions.DependencyInjection.ServiceLookup.CallSiteRuntimeResolver.VisitConstructor(ConstructorCallSite constructorCallSite, RuntimeResolverContext context)
   at Microsoft.Extensions.DependencyInjection.ServiceLookup.CallSiteVisitor`2.VisitCallSiteMain(ServiceCallSite callSite, TArgument argument)
   at Microsoft.Extensions.DependencyInjection.ServiceLookup.CallSiteRuntimeResolver.VisitCache(ServiceCallSite callSite, RuntimeResolverContext context, ServiceProviderEngineScope serviceProviderEngine, RuntimeResolverLock lockType)
   at Microsoft.Extensions.DependencyInjection.ServiceLookup.CallSiteRuntimeResolver.VisitRootCache(ServiceCallSite singletonCallSite, RuntimeResolverContext context)
   at Microsoft.Extensions.DependencyInjection.ServiceLookup.CallSiteVisitor`2.VisitCallSite(ServiceCallSite callSite, TArgument argument)
   at Microsoft.Extensions.DependencyInjection.ServiceLookup.CallSiteRuntimeResolver.VisitConstructor(ConstructorCallSite constructorCallSite, RuntimeResolverContext context)
   at Microsoft.Extensions.DependencyInjection.ServiceLookup.CallSiteVisitor`2.VisitCallSiteMain(ServiceCallSite callSite, TArgument argument)
   at Microsoft.Extensions.DependencyInjection.ServiceLookup.CallSiteRuntimeResolver.VisitCache(ServiceCallSite callSite, RuntimeResolverContext context, ServiceProviderEngineScope serviceProviderEngine, RuntimeResolverLock lockType)
   at Microsoft.Extensions.DependencyInjection.ServiceLookup.CallSiteRuntimeResolver.VisitScopeCache(ServiceCallSite singletonCallSite, RuntimeResolverContext context)
   at Microsoft.Extensions.DependencyInjection.ServiceLookup.CallSiteVisitor`2.VisitCallSite(ServiceCallSite callSite, TArgument argument)
   at Microsoft.Extensions.DependencyInjection.ServiceLookup.CallSiteRuntimeResolver.Resolve(ServiceCallSite callSite, ServiceProviderEngineScope scope)
   at Microsoft.Extensions.DependencyInjection.ServiceLookup.DynamicServiceProviderEngine.<>c__DisplayClass1_0.<RealizeService>b__0(ServiceProviderEngineScope scope)
   at Microsoft.Extensions.DependencyInjection.ServiceLookup.ServiceProviderEngine.GetService(Type serviceType, ServiceProviderEngineScope serviceProviderEngineScope)
   at Microsoft.Extensions.DependencyInjection.ServiceLookup.ServiceProviderEngineScope.GetService(Type serviceType)
   at Microsoft.Extensions.DependencyInjection.ServiceProviderServiceExtensions.GetRequiredService(IServiceProvider provider, Type serviceType)
   at Microsoft.Extensions.DependencyInjection.ServiceProviderServiceExtensions.GetRequiredService[T](IServiceProvider provider)
   at Microsoft.Extensions.DependencyInjection.EntityFrameworkServiceCollectionExtensions.<>c__5`2.<AddDbContextPool>b__5_0(IServiceProvider sp)
   at Microsoft.Extensions.DependencyInjection.ServiceLookup.CallSiteRuntimeResolver.VisitFactory(FactoryCallSite factoryCallSite, RuntimeResolverContext context)
   at Microsoft.Extensions.DependencyInjection.ServiceLookup.CallSiteVisitor`2.VisitCallSiteMain(ServiceCallSite callSite, TArgument argument)
   at Microsoft.Extensions.DependencyInjection.ServiceLookup.CallSiteRuntimeResolver.VisitCache(ServiceCallSite callSite, RuntimeResolverContext context, ServiceProviderEngineScope serviceProviderEngine, RuntimeResolverLock lockType)
   at Microsoft.Extensions.DependencyInjection.ServiceLookup.CallSiteRuntimeResolver.VisitScopeCache(ServiceCallSite singletonCallSite, RuntimeResolverContext context)
   at Microsoft.Extensions.DependencyInjection.ServiceLookup.CallSiteVisitor`2.VisitCallSite(ServiceCallSite callSite, TArgument argument)
   at Microsoft.Extensions.DependencyInjection.ServiceLookup.CallSiteRuntimeResolver.VisitConstructor(ConstructorCallSite constructorCallSite, RuntimeResolverContext context)
   at Microsoft.Extensions.DependencyInjection.ServiceLookup.CallSiteVisitor`2.VisitCallSiteMain(ServiceCallSite callSite, TArgument argument)
   at Microsoft.Extensions.DependencyInjection.ServiceLookup.CallSiteRuntimeResolver.VisitCache(ServiceCallSite callSite, RuntimeResolverContext context, ServiceProviderEngineScope serviceProviderEngine, RuntimeResolverLock lockType)
   at Microsoft.Extensions.DependencyInjection.ServiceLookup.CallSiteRuntimeResolver.VisitScopeCache(ServiceCallSite singletonCallSite, RuntimeResolverContext context)
   at Microsoft.Extensions.DependencyInjection.ServiceLookup.CallSiteVisitor`2.VisitCallSite(ServiceCallSite callSite, TArgument argument)
   at Microsoft.Extensions.DependencyInjection.ServiceLookup.CallSiteRuntimeResolver.Resolve(ServiceCallSite callSite, ServiceProviderEngineScope scope)
   at Microsoft.Extensions.DependencyInjection.ServiceLookup.DynamicServiceProviderEngine.<>c__DisplayClass1_0.<RealizeService>b__0(ServiceProviderEngineScope scope)
   at Microsoft.Extensions.DependencyInjection.ServiceLookup.ServiceProviderEngine.GetService(Type serviceType, ServiceProviderEngineScope serviceProviderEngineScope)
   at Microsoft.Extensions.DependencyInjection.ServiceLookup.ServiceProviderEngineScope.GetService(Type serviceType)
   at Microsoft.Extensions.DependencyInjection.ActivatorUtilities.GetService(IServiceProvider sp, Type type, Type requiredBy, Boolean isDefaultParameterRequired)
   at lambda_method(Closure , IServiceProvider , Object[] )
   at Microsoft.AspNetCore.Mvc.Controllers.ControllerActivatorProvider.<>c__DisplayClass4_0.<CreateActivator>b__0(ControllerContext controllerContext)
   at Microsoft.AspNetCore.Mvc.Controllers.ControllerFactoryProvider.<>c__DisplayClass5_0.<CreateControllerFactory>g__CreateController|0(ControllerContext controllerContext)
   at Microsoft.AspNetCore.Mvc.Infrastructure.ControllerActionInvoker.Next(State& next, Scope& scope, Object& state, Boolean& isCompleted)
   at Microsoft.AspNetCore.Mvc.Infrastructure.ControllerActionInvoker.InvokeInnerFilterAsync()
--- End of stack trace from previous location where exception was thrown ---
   at Microsoft.AspNetCore.Mvc.Infrastructure.ResourceInvoker.<InvokeNextResourceFilter>g__Awaited|24_0(ResourceInvoker invoker, Task lastTask, State next, Scope scope, Object state, Boolean isCompleted)
   at Microsoft.AspNetCore.Mvc.Infrastructure.ResourceInvoker.Rethrow(ResourceExecutedContextSealed context)
   at Microsoft.AspNetCore.Mvc.Infrastructure.ResourceInvoker.Next(State& next, Scope& scope, Object& state, Boolean& isCompleted)
   at Microsoft.AspNetCore.Mvc.Infrastructure.ResourceInvoker.InvokeFilterPipelineAsync()
--- End of stack trace from previous location where exception was thrown ---
   at Microsoft.AspNetCore.Mvc.Infrastructure.ResourceInvoker.<InvokeAsync>g__Awaited|17_0(ResourceInvoker invoker, Task task, IDisposable scope)
   at Microsoft.AspNetCore.Builder.RouterMiddleware.Invoke(HttpContext httpContext)
   at Microsoft.AspNetCore.Authorization.AuthorizationMiddleware.Invoke(HttpContext context)
   at Microsoft.AspNetCore.Authentication.AuthenticationMiddleware.Invoke(HttpContext context)
   at Microsoft.AspNetCore.Diagnostics.StatusCodePagesMiddleware.Invoke(HttpContext context)
   at Microsoft.AspNetCore.Diagnostics.ExceptionHandlerMiddleware.<Invoke>g__Awaited|6_0(ExceptionHandlerMiddleware middleware, HttpContext context, Task task)
2021-02-10 10:04:53.3763|ERROR|Microsoft.AspNetCore.Diagnostics.ExceptionHandlerMiddleware|An exception was thrown attempting to execute the error handler.
2021-02-10 10:04:53.4470|ERROR|Microsoft.AspNetCore.Server.IIS.Core.IISHttpServer|Connection ID "18158513699168452619", Request ID "8000000c-0000-fc00-b63f-84710c7967bb": An unhandled exception was thrown by the application.
2021-02-10 10:04:59.4238|ERROR|Microsoft.AspNetCore.Diagnostics.ExceptionHandlerMiddleware|An unhandled exception has occurred while executing the request.
2021-02-10 10:04:59.4238|ERROR|SampleProject.Controllers.ErrorController|The Path / throw as exception System.ArgumentNullException: Value cannot be null. (Parameter 'connectionString')
   at Microsoft.EntityFrameworkCore.Utilities.Check.NotEmpty(String value, String parameterName)
   at Microsoft.EntityFrameworkCore.SqlServerDbContextOptionsExtensions.UseSqlServer(DbContextOptionsBuilder optionsBuilder, String connectionString, Action`1 sqlServerOptionsAction)
   at SampleProject.Startup.<ConfigureServices>b__2_0(DbContextOptionsBuilder options) in D:\cSharp\Core\DotNet-Core\SampleProject\Startup.cs:line 34
   at Microsoft.Extensions.DependencyInjection.EntityFrameworkServiceCollectionExtensions.<>c__DisplayClass3_0`2.<AddDbContextPool>b__0(IServiceProvider _, DbContextOptionsBuilder ob)
   at Microsoft.Extensions.DependencyInjection.EntityFrameworkServiceCollectionExtensions.<>c__DisplayClass6_0`1.<AddPoolingOptions>b__0(IServiceProvider sp, DbContextOptionsBuilder ob)
   at Microsoft.Extensions.DependencyInjection.EntityFrameworkServiceCollectionExtensions.CreateDbContextOptions[TContext](IServiceProvider applicationServiceProvider, Action`2 optionsAction)
   at Microsoft.Extensions.DependencyInjection.EntityFrameworkServiceCollectionExtensions.<>c__DisplayClass17_0`1.<AddCoreServices>b__0(IServiceProvider p)
   at Microsoft.Extensions.DependencyInjection.ServiceLookup.CallSiteRuntimeResolver.VisitFactory(FactoryCallSite factoryCallSite, RuntimeResolverContext context)
   at Microsoft.Extensions.DependencyInjection.ServiceLookup.CallSiteVisitor`2.VisitCallSiteMain(ServiceCallSite callSite, TArgument argument)
   at Microsoft.Extensions.DependencyInjection.ServiceLookup.CallSiteRuntimeResolver.VisitCache(ServiceCallSite callSite, RuntimeResolverContext context, ServiceProviderEngineScope serviceProviderEngine, RuntimeResolverLock lockType)
   at Microsoft.Extensions.DependencyInjection.ServiceLookup.CallSiteRuntimeResolver.VisitRootCache(ServiceCallSite singletonCallSite, RuntimeResolverContext context)
   at Microsoft.Extensions.DependencyInjection.ServiceLookup.CallSiteVisitor`2.VisitCallSite(ServiceCallSite callSite, TArgument argument)
   at Microsoft.Extensions.DependencyInjection.ServiceLookup.CallSiteRuntimeResolver.VisitConstructor(ConstructorCallSite constructorCallSite, RuntimeResolverContext context)
   at Microsoft.Extensions.DependencyInjection.ServiceLookup.CallSiteVisitor`2.VisitCallSiteMain(ServiceCallSite callSite, TArgument argument)
   at Microsoft.Extensions.DependencyInjection.ServiceLookup.CallSiteRuntimeResolver.VisitCache(ServiceCallSite callSite, RuntimeResolverContext context, ServiceProviderEngineScope serviceProviderEngine, RuntimeResolverLock lockType)
   at Microsoft.Extensions.DependencyInjection.ServiceLookup.CallSiteRuntimeResolver.VisitRootCache(ServiceCallSite singletonCallSite, RuntimeResolverContext context)
   at Microsoft.Extensions.DependencyInjection.ServiceLookup.CallSiteVisitor`2.VisitCallSite(ServiceCallSite callSite, TArgument argument)
   at Microsoft.Extensions.DependencyInjection.ServiceLookup.CallSiteRuntimeResolver.VisitConstructor(ConstructorCallSite constructorCallSite, RuntimeResolverContext context)
   at Microsoft.Extensions.DependencyInjection.ServiceLookup.CallSiteVisitor`2.VisitCallSiteMain(ServiceCallSite callSite, TArgument argument)
   at Microsoft.Extensions.DependencyInjection.ServiceLookup.CallSiteRuntimeResolver.VisitCache(ServiceCallSite callSite, RuntimeResolverContext context, ServiceProviderEngineScope serviceProviderEngine, RuntimeResolverLock lockType)
   at Microsoft.Extensions.DependencyInjection.ServiceLookup.CallSiteRuntimeResolver.VisitScopeCache(ServiceCallSite singletonCallSite, RuntimeResolverContext context)
   at Microsoft.Extensions.DependencyInjection.ServiceLookup.CallSiteVisitor`2.VisitCallSite(ServiceCallSite callSite, TArgument argument)
   at Microsoft.Extensions.DependencyInjection.ServiceLookup.CallSiteRuntimeResolver.Resolve(ServiceCallSite callSite, ServiceProviderEngineScope scope)
   at Microsoft.Extensions.DependencyInjection.ServiceLookup.DynamicServiceProviderEngine.<>c__DisplayClass1_0.<RealizeService>b__0(ServiceProviderEngineScope scope)
   at Microsoft.Extensions.DependencyInjection.ServiceLookup.ServiceProviderEngine.GetService(Type serviceType, ServiceProviderEngineScope serviceProviderEngineScope)
   at Microsoft.Extensions.DependencyInjection.ServiceLookup.ServiceProviderEngineScope.GetService(Type serviceType)
   at Microsoft.Extensions.DependencyInjection.ServiceProviderServiceExtensions.GetRequiredService(IServiceProvider provider, Type serviceType)
   at Microsoft.Extensions.DependencyInjection.ServiceProviderServiceExtensions.GetRequiredService[T](IServiceProvider provider)
   at Microsoft.Extensions.DependencyInjection.EntityFrameworkServiceCollectionExtensions.<>c__5`2.<AddDbContextPool>b__5_0(IServiceProvider sp)
   at Microsoft.Extensions.DependencyInjection.ServiceLookup.CallSiteRuntimeResolver.VisitFactory(FactoryCallSite factoryCallSite, RuntimeResolverContext context)
   at Microsoft.Extensions.DependencyInjection.ServiceLookup.CallSiteVisitor`2.VisitCallSiteMain(ServiceCallSite callSite, TArgument argument)
   at Microsoft.Extensions.DependencyInjection.ServiceLookup.CallSiteRuntimeResolver.VisitCache(ServiceCallSite callSite, RuntimeResolverContext context, ServiceProviderEngineScope serviceProviderEngine, RuntimeResolverLock lockType)
   at Microsoft.Extensions.DependencyInjection.ServiceLookup.CallSiteRuntimeResolver.VisitScopeCache(ServiceCallSite singletonCallSite, RuntimeResolverContext context)
   at Microsoft.Extensions.DependencyInjection.ServiceLookup.CallSiteVisitor`2.VisitCallSite(ServiceCallSite callSite, TArgument argument)
   at Microsoft.Extensions.DependencyInjection.ServiceLookup.CallSiteRuntimeResolver.VisitConstructor(ConstructorCallSite constructorCallSite, RuntimeResolverContext context)
   at Microsoft.Extensions.DependencyInjection.ServiceLookup.CallSiteVisitor`2.VisitCallSiteMain(ServiceCallSite callSite, TArgument argument)
   at Microsoft.Extensions.DependencyInjection.ServiceLookup.CallSiteRuntimeResolver.VisitCache(ServiceCallSite callSite, RuntimeResolverContext context, ServiceProviderEngineScope serviceProviderEngine, RuntimeResolverLock lockType)
   at Microsoft.Extensions.DependencyInjection.ServiceLookup.CallSiteRuntimeResolver.VisitScopeCache(ServiceCallSite singletonCallSite, RuntimeResolverContext context)
   at Microsoft.Extensions.DependencyInjection.ServiceLookup.CallSiteVisitor`2.VisitCallSite(ServiceCallSite callSite, TArgument argument)
   at Microsoft.Extensions.DependencyInjection.ServiceLookup.CallSiteRuntimeResolver.Resolve(ServiceCallSite callSite, ServiceProviderEngineScope scope)
   at Microsoft.Extensions.DependencyInjection.ServiceLookup.DynamicServiceProviderEngine.<>c__DisplayClass1_0.<RealizeService>b__0(ServiceProviderEngineScope scope)
   at Microsoft.Extensions.DependencyInjection.ServiceLookup.ServiceProviderEngine.GetService(Type serviceType, ServiceProviderEngineScope serviceProviderEngineScope)
   at Microsoft.Extensions.DependencyInjection.ServiceLookup.ServiceProviderEngineScope.GetService(Type serviceType)
   at Microsoft.Extensions.DependencyInjection.ActivatorUtilities.GetService(IServiceProvider sp, Type type, Type requiredBy, Boolean isDefaultParameterRequired)
   at lambda_method(Closure , IServiceProvider , Object[] )
   at Microsoft.AspNetCore.Mvc.Controllers.ControllerActivatorProvider.<>c__DisplayClass4_0.<CreateActivator>b__0(ControllerContext controllerContext)
   at Microsoft.AspNetCore.Mvc.Controllers.ControllerFactoryProvider.<>c__DisplayClass5_0.<CreateControllerFactory>g__CreateController|0(ControllerContext controllerContext)
   at Microsoft.AspNetCore.Mvc.Infrastructure.ControllerActionInvoker.Next(State& next, Scope& scope, Object& state, Boolean& isCompleted)
   at Microsoft.AspNetCore.Mvc.Infrastructure.ControllerActionInvoker.InvokeInnerFilterAsync()
--- End of stack trace from previous location where exception was thrown ---
   at Microsoft.AspNetCore.Mvc.Infrastructure.ResourceInvoker.<InvokeNextResourceFilter>g__Awaited|24_0(ResourceInvoker invoker, Task lastTask, State next, Scope scope, Object state, Boolean isCompleted)
   at Microsoft.AspNetCore.Mvc.Infrastructure.ResourceInvoker.Rethrow(ResourceExecutedContextSealed context)
   at Microsoft.AspNetCore.Mvc.Infrastructure.ResourceInvoker.Next(State& next, Scope& scope, Object& state, Boolean& isCompleted)
   at Microsoft.AspNetCore.Mvc.Infrastructure.ResourceInvoker.InvokeFilterPipelineAsync()
--- End of stack trace from previous location where exception was thrown ---
   at Microsoft.AspNetCore.Mvc.Infrastructure.ResourceInvoker.<InvokeAsync>g__Awaited|17_0(ResourceInvoker invoker, Task task, IDisposable scope)
   at Microsoft.AspNetCore.Builder.RouterMiddleware.Invoke(HttpContext httpContext)
   at Microsoft.AspNetCore.Authorization.AuthorizationMiddleware.Invoke(HttpContext context)
   at Microsoft.AspNetCore.Authentication.AuthenticationMiddleware.Invoke(HttpContext context)
   at Microsoft.AspNetCore.Diagnostics.StatusCodePagesMiddleware.Invoke(HttpContext context)
   at Microsoft.AspNetCore.Diagnostics.ExceptionHandlerMiddleware.<Invoke>g__Awaited|6_0(ExceptionHandlerMiddleware middleware, HttpContext context, Task task)
2021-02-10 10:04:59.4782|ERROR|Microsoft.AspNetCore.Diagnostics.ExceptionHandlerMiddleware|An exception was thrown attempting to execute the error handler.
2021-02-10 10:04:59.4782|ERROR|Microsoft.AspNetCore.Server.IIS.Core.IISHttpServer|Connection ID "18302628900129210395", Request ID "8000001c-0003-fe00-b63f-84710c7967bb": An unhandled exception was thrown by the application.
2021-02-10 10:05:03.1757|ERROR|Microsoft.AspNetCore.Diagnostics.ExceptionHandlerMiddleware|An unhandled exception has occurred while executing the request.
2021-02-10 10:05:03.1757|ERROR|SampleProject.Controllers.ErrorController|The Path / throw as exception System.ArgumentNullException: Value cannot be null. (Parameter 'connectionString')
   at Microsoft.EntityFrameworkCore.Utilities.Check.NotEmpty(String value, String parameterName)
   at Microsoft.EntityFrameworkCore.SqlServerDbContextOptionsExtensions.UseSqlServer(DbContextOptionsBuilder optionsBuilder, String connectionString, Action`1 sqlServerOptionsAction)
   at SampleProject.Startup.<ConfigureServices>b__2_0(DbContextOptionsBuilder options) in D:\cSharp\Core\DotNet-Core\SampleProject\Startup.cs:line 34
   at Microsoft.Extensions.DependencyInjection.EntityFrameworkServiceCollectionExtensions.<>c__DisplayClass3_0`2.<AddDbContextPool>b__0(IServiceProvider _, DbContextOptionsBuilder ob)
   at Microsoft.Extensions.DependencyInjection.EntityFrameworkServiceCollectionExtensions.<>c__DisplayClass6_0`1.<AddPoolingOptions>b__0(IServiceProvider sp, DbContextOptionsBuilder ob)
   at Microsoft.Extensions.DependencyInjection.EntityFrameworkServiceCollectionExtensions.CreateDbContextOptions[TContext](IServiceProvider applicationServiceProvider, Action`2 optionsAction)
   at Microsoft.Extensions.DependencyInjection.EntityFrameworkServiceCollectionExtensions.<>c__DisplayClass17_0`1.<AddCoreServices>b__0(IServiceProvider p)
   at Microsoft.Extensions.DependencyInjection.ServiceLookup.CallSiteRuntimeResolver.VisitFactory(FactoryCallSite factoryCallSite, RuntimeResolverContext context)
   at Microsoft.Extensions.DependencyInjection.ServiceLookup.CallSiteVisitor`2.VisitCallSiteMain(ServiceCallSite callSite, TArgument argument)
   at Microsoft.Extensions.DependencyInjection.ServiceLookup.CallSiteRuntimeResolver.VisitCache(ServiceCallSite callSite, RuntimeResolverContext context, ServiceProviderEngineScope serviceProviderEngine, RuntimeResolverLock lockType)
   at Microsoft.Extensions.DependencyInjection.ServiceLookup.CallSiteRuntimeResolver.VisitRootCache(ServiceCallSite singletonCallSite, RuntimeResolverContext context)
   at Microsoft.Extensions.DependencyInjection.ServiceLookup.CallSiteVisitor`2.VisitCallSite(ServiceCallSite callSite, TArgument argument)
   at Microsoft.Extensions.DependencyInjection.ServiceLookup.CallSiteRuntimeResolver.VisitConstructor(ConstructorCallSite constructorCallSite, RuntimeResolverContext context)
   at Microsoft.Extensions.DependencyInjection.ServiceLookup.CallSiteVisitor`2.VisitCallSiteMain(ServiceCallSite callSite, TArgument argument)
   at Microsoft.Extensions.DependencyInjection.ServiceLookup.CallSiteRuntimeResolver.VisitCache(ServiceCallSite callSite, RuntimeResolverContext context, ServiceProviderEngineScope serviceProviderEngine, RuntimeResolverLock lockType)
   at Microsoft.Extensions.DependencyInjection.ServiceLookup.CallSiteRuntimeResolver.VisitRootCache(ServiceCallSite singletonCallSite, RuntimeResolverContext context)
   at Microsoft.Extensions.DependencyInjection.ServiceLookup.CallSiteVisitor`2.VisitCallSite(ServiceCallSite callSite, TArgument argument)
   at Microsoft.Extensions.DependencyInjection.ServiceLookup.CallSiteRuntimeResolver.VisitConstructor(ConstructorCallSite constructorCallSite, RuntimeResolverContext context)
   at Microsoft.Extensions.DependencyInjection.ServiceLookup.CallSiteVisitor`2.VisitCallSiteMain(ServiceCallSite callSite, TArgument argument)
   at Microsoft.Extensions.DependencyInjection.ServiceLookup.CallSiteRuntimeResolver.VisitCache(ServiceCallSite callSite, RuntimeResolverContext context, ServiceProviderEngineScope serviceProviderEngine, RuntimeResolverLock lockType)
   at Microsoft.Extensions.DependencyInjection.ServiceLookup.CallSiteRuntimeResolver.VisitScopeCache(ServiceCallSite singletonCallSite, RuntimeResolverContext context)
   at Microsoft.Extensions.DependencyInjection.ServiceLookup.CallSiteVisitor`2.VisitCallSite(ServiceCallSite callSite, TArgument argument)
   at Microsoft.Extensions.DependencyInjection.ServiceLookup.CallSiteRuntimeResolver.Resolve(ServiceCallSite callSite, ServiceProviderEngineScope scope)
   at Microsoft.Extensions.DependencyInjection.ServiceLookup.DynamicServiceProviderEngine.<>c__DisplayClass1_0.<RealizeService>b__0(ServiceProviderEngineScope scope)
   at Microsoft.Extensions.DependencyInjection.ServiceLookup.ServiceProviderEngine.GetService(Type serviceType, ServiceProviderEngineScope serviceProviderEngineScope)
   at Microsoft.Extensions.DependencyInjection.ServiceLookup.ServiceProviderEngineScope.GetService(Type serviceType)
   at Microsoft.Extensions.DependencyInjection.ServiceProviderServiceExtensions.GetRequiredService(IServiceProvider provider, Type serviceType)
   at Microsoft.Extensions.DependencyInjection.ServiceProviderServiceExtensions.GetRequiredService[T](IServiceProvider provider)
   at Microsoft.Extensions.DependencyInjection.EntityFrameworkServiceCollectionExtensions.<>c__5`2.<AddDbContextPool>b__5_0(IServiceProvider sp)
   at Microsoft.Extensions.DependencyInjection.ServiceLookup.CallSiteRuntimeResolver.VisitFactory(FactoryCallSite factoryCallSite, RuntimeResolverContext context)
   at Microsoft.Extensions.DependencyInjection.ServiceLookup.CallSiteVisitor`2.VisitCallSiteMain(ServiceCallSite callSite, TArgument argument)
   at Microsoft.Extensions.DependencyInjection.ServiceLookup.CallSiteRuntimeResolver.VisitCache(ServiceCallSite callSite, RuntimeResolverContext context, ServiceProviderEngineScope serviceProviderEngine, RuntimeResolverLock lockType)
   at Microsoft.Extensions.DependencyInjection.ServiceLookup.CallSiteRuntimeResolver.VisitScopeCache(ServiceCallSite singletonCallSite, RuntimeResolverContext context)
   at Microsoft.Extensions.DependencyInjection.ServiceLookup.CallSiteVisitor`2.VisitCallSite(ServiceCallSite callSite, TArgument argument)
   at Microsoft.Extensions.DependencyInjection.ServiceLookup.CallSiteRuntimeResolver.VisitConstructor(ConstructorCallSite constructorCallSite, RuntimeResolverContext context)
   at Microsoft.Extensions.DependencyInjection.ServiceLookup.CallSiteVisitor`2.VisitCallSiteMain(ServiceCallSite callSite, TArgument argument)
   at Microsoft.Extensions.DependencyInjection.ServiceLookup.CallSiteRuntimeResolver.VisitCache(ServiceCallSite callSite, RuntimeResolverContext context, ServiceProviderEngineScope serviceProviderEngine, RuntimeResolverLock lockType)
   at Microsoft.Extensions.DependencyInjection.ServiceLookup.CallSiteRuntimeResolver.VisitScopeCache(ServiceCallSite singletonCallSite, RuntimeResolverContext context)
   at Microsoft.Extensions.DependencyInjection.ServiceLookup.CallSiteVisitor`2.VisitCallSite(ServiceCallSite callSite, TArgument argument)
   at Microsoft.Extensions.DependencyInjection.ServiceLookup.CallSiteRuntimeResolver.Resolve(ServiceCallSite callSite, ServiceProviderEngineScope scope)
   at Microsoft.Extensions.DependencyInjection.ServiceLookup.DynamicServiceProviderEngine.<>c__DisplayClass1_0.<RealizeService>b__0(ServiceProviderEngineScope scope)
   at Microsoft.Extensions.DependencyInjection.ServiceLookup.ServiceProviderEngine.GetService(Type serviceType, ServiceProviderEngineScope serviceProviderEngineScope)
   at Microsoft.Extensions.DependencyInjection.ServiceLookup.ServiceProviderEngineScope.GetService(Type serviceType)
   at Microsoft.Extensions.DependencyInjection.ActivatorUtilities.GetService(IServiceProvider sp, Type type, Type requiredBy, Boolean isDefaultParameterRequired)
   at lambda_method(Closure , IServiceProvider , Object[] )
   at Microsoft.AspNetCore.Mvc.Controllers.ControllerActivatorProvider.<>c__DisplayClass4_0.<CreateActivator>b__0(ControllerContext controllerContext)
   at Microsoft.AspNetCore.Mvc.Controllers.ControllerFactoryProvider.<>c__DisplayClass5_0.<CreateControllerFactory>g__CreateController|0(ControllerContext controllerContext)
   at Microsoft.AspNetCore.Mvc.Infrastructure.ControllerActionInvoker.Next(State& next, Scope& scope, Object& state, Boolean& isCompleted)
   at Microsoft.AspNetCore.Mvc.Infrastructure.ControllerActionInvoker.InvokeInnerFilterAsync()
--- End of stack trace from previous location where exception was thrown ---
   at Microsoft.AspNetCore.Mvc.Infrastructure.ResourceInvoker.<InvokeNextResourceFilter>g__Awaited|24_0(ResourceInvoker invoker, Task lastTask, State next, Scope scope, Object state, Boolean isCompleted)
   at Microsoft.AspNetCore.Mvc.Infrastructure.ResourceInvoker.Rethrow(ResourceExecutedContextSealed context)
   at Microsoft.AspNetCore.Mvc.Infrastructure.ResourceInvoker.Next(State& next, Scope& scope, Object& state, Boolean& isCompleted)
   at Microsoft.AspNetCore.Mvc.Infrastructure.ResourceInvoker.InvokeFilterPipelineAsync()
--- End of stack trace from previous location where exception was thrown ---
   at Microsoft.AspNetCore.Mvc.Infrastructure.ResourceInvoker.<InvokeAsync>g__Awaited|17_0(ResourceInvoker invoker, Task task, IDisposable scope)
   at Microsoft.AspNetCore.Builder.RouterMiddleware.Invoke(HttpContext httpContext)
   at Microsoft.AspNetCore.Authorization.AuthorizationMiddleware.Invoke(HttpContext context)
   at Microsoft.AspNetCore.Authentication.AuthenticationMiddleware.Invoke(HttpContext context)
   at Microsoft.AspNetCore.Diagnostics.StatusCodePagesMiddleware.Invoke(HttpContext context)
   at Microsoft.AspNetCore.Diagnostics.ExceptionHandlerMiddleware.<Invoke>g__Awaited|6_0(ExceptionHandlerMiddleware middleware, HttpContext context, Task task)
2021-02-10 10:05:03.1757|ERROR|Microsoft.AspNetCore.Diagnostics.ExceptionHandlerMiddleware|An exception was thrown attempting to execute the error handler.
2021-02-10 10:05:03.1901|ERROR|Microsoft.AspNetCore.Server.IIS.Core.IISHttpServer|Connection ID "18302628904424177698", Request ID "80000023-0004-fe00-b63f-84710c7967bb": An unhandled exception was thrown by the application.
2021-02-10 10:07:06.5868|INFO|Microsoft.Hosting.Lifetime|Application started. Press Ctrl+C to shut down.
2021-02-10 10:07:06.6757|INFO|Microsoft.Hosting.Lifetime|Hosting environment: Development
2021-02-10 10:07:06.6757|INFO|Microsoft.Hosting.Lifetime|Content root path: D:\cSharp\Core\DotNet-Core\SampleProject
2021-02-10 10:07:20.0586|ERROR|Microsoft.AspNetCore.Diagnostics.DeveloperExceptionPageMiddleware|An unhandled exception has occurred while executing the request.
2021-02-10 10:16:10.0386|INFO|Microsoft.Hosting.Lifetime|Application started. Press Ctrl+C to shut down.
2021-02-10 10:16:10.0947|INFO|Microsoft.Hosting.Lifetime|Hosting environment: Development
2021-02-10 10:16:10.0947|INFO|Microsoft.Hosting.Lifetime|Content root path: D:\cSharp\Core\DotNet-Core\SampleProject
2021-02-10 10:18:56.4652|INFO|Microsoft.Hosting.Lifetime|Application started. Press Ctrl+C to shut down.
2021-02-10 10:18:56.4978|INFO|Microsoft.Hosting.Lifetime|Hosting environment: Development
2021-02-10 10:18:56.5021|INFO|Microsoft.Hosting.Lifetime|Content root path: D:\cSharp\Core\DotNet-Core\SampleProject
2021-02-10 10:19:17.3031|WARN|Microsoft.AspNetCore.Identity.SignInManager|User 71793254-8844-419f-bbb7-07b529171242 cannot sign in without a confirmed email.
2021-02-10 10:19:17.3788|ERROR|Microsoft.AspNetCore.Diagnostics.DeveloperExceptionPageMiddleware|An unhandled exception has occurred while executing the request.
2021-02-10 10:21:08.2343|INFO|Microsoft.Hosting.Lifetime|Application started. Press Ctrl+C to shut down.
2021-02-10 10:21:08.2705|INFO|Microsoft.Hosting.Lifetime|Hosting environment: Development
2021-02-10 10:21:08.2705|INFO|Microsoft.Hosting.Lifetime|Content root path: D:\cSharp\Core\DotNet-Core\SampleProject
2021-02-10 10:21:21.9411|WARN|Microsoft.AspNetCore.Identity.SignInManager|User 71793254-8844-419f-bbb7-07b529171242 cannot sign in without a confirmed email.
2021-02-10 10:27:35.9876|INFO|Microsoft.Hosting.Lifetime|Application started. Press Ctrl+C to shut down.
2021-02-10 10:27:36.0185|INFO|Microsoft.Hosting.Lifetime|Hosting environment: Development
2021-02-10 10:27:36.0185|INFO|Microsoft.Hosting.Lifetime|Content root path: D:\cSharp\Core\DotNet-Core\SampleProject
2021-02-10 10:27:54.8374|WARN|Microsoft.AspNetCore.Identity.UserManager|Invalid password for user.
2021-02-10 10:27:54.8630|WARN|Microsoft.AspNetCore.Identity.SignInManager|User 71793254-8844-419f-bbb7-07b529171242 cannot sign in without a confirmed email.
2021-02-10 10:47:54.0345|INFO|Microsoft.Hosting.Lifetime|Application started. Press Ctrl+C to shut down.
2021-02-10 10:47:54.0656|INFO|Microsoft.Hosting.Lifetime|Hosting environment: Development
2021-02-10 10:47:54.0656|INFO|Microsoft.Hosting.Lifetime|Content root path: D:\cSharp\Core\DotNet-Core\SampleProject
2021-02-10 10:48:37.7782|ERROR|Microsoft.AspNetCore.Diagnostics.DeveloperExceptionPageMiddleware|An unhandled exception has occurred while executing the request.
2021-02-10 10:49:27.8023|INFO|Microsoft.Hosting.Lifetime|Application started. Press Ctrl+C to shut down.
2021-02-10 10:49:27.8390|INFO|Microsoft.Hosting.Lifetime|Hosting environment: Development
2021-02-10 10:49:27.8390|INFO|Microsoft.Hosting.Lifetime|Content root path: D:\cSharp\Core\DotNet-Core\SampleProject
2021-02-10 10:49:56.9122|WARN|SampleProject.Controllers.AccountController|https://localhost:44332/Account/ConfirmEmail?userId=8af0245b-f3ca-48d7-b623-ff82b8a13731&token=CfDJ8GGnP0%2FL391LjZskuRUfZaYgZt2Kztn%2Bc7ejcPbv0b2jAba4PH7Oqaxi3plHuGHonkpJSDbThtcM6VjxjNgxbwGXhBUjPr5ug1SRWhqDsrYwxAK8GxaRAsXSlJq5cC%2Fw3fPshPXnthHsYWY431rYmJwFDRGxw3PzYS6kDJEQ0aGJZfK8LKpgjgrMpUFVYGBvnGu6pSAm2CQ%2FIaTF8umkl5lgHnaZRmTIDqOQY3q4IFuJo0sA9UJP6h9bsMYS%2FZz2vg%3D%3D
2021-02-10 10:57:15.1387|INFO|Microsoft.Hosting.Lifetime|Application started. Press Ctrl+C to shut down.
2021-02-10 10:57:15.1700|INFO|Microsoft.Hosting.Lifetime|Hosting environment: Development
2021-02-10 10:57:15.1728|INFO|Microsoft.Hosting.Lifetime|Content root path: D:\cSharp\Core\DotNet-Core\SampleProject
2021-02-10 11:41:23.3950|INFO|Microsoft.Hosting.Lifetime|Application started. Press Ctrl+C to shut down.
2021-02-10 11:41:23.6062|INFO|Microsoft.Hosting.Lifetime|Hosting environment: Development
2021-02-10 11:41:23.6175|INFO|Microsoft.Hosting.Lifetime|Content root path: D:\cSharp\Core\DotNet-Core\SampleProject
2021-02-10 11:43:46.2044|INFO|Microsoft.Hosting.Lifetime|Application started. Press Ctrl+C to shut down.
2021-02-10 11:43:46.2352|INFO|Microsoft.Hosting.Lifetime|Hosting environment: Development
2021-02-10 11:43:46.2352|INFO|Microsoft.Hosting.Lifetime|Content root path: D:\cSharp\Core\DotNet-Core\SampleProject
2021-02-10 11:53:29.8595|INFO|Microsoft.Hosting.Lifetime|Application started. Press Ctrl+C to shut down.
2021-02-10 11:53:29.8896|INFO|Microsoft.Hosting.Lifetime|Hosting environment: Development
2021-02-10 11:53:29.8928|INFO|Microsoft.Hosting.Lifetime|Content root path: D:\cSharp\Core\DotNet-Core\SampleProject
2021-02-10 11:54:38.5687|INFO|Microsoft.Hosting.Lifetime|Application started. Press Ctrl+C to shut down.
2021-02-10 11:54:38.5996|INFO|Microsoft.Hosting.Lifetime|Hosting environment: Development
2021-02-10 11:54:38.5996|INFO|Microsoft.Hosting.Lifetime|Content root path: D:\cSharp\Core\DotNet-Core\SampleProject
2021-02-10 11:55:08.0528|INFO|Microsoft.Hosting.Lifetime|Application started. Press Ctrl+C to shut down.
2021-02-10 11:55:08.0970|INFO|Microsoft.Hosting.Lifetime|Hosting environment: Development
2021-02-10 11:55:08.0970|INFO|Microsoft.Hosting.Lifetime|Content root path: D:\cSharp\Core\DotNet-Core\SampleProject
2021-02-10 11:55:47.7097|INFO|Microsoft.Hosting.Lifetime|Application started. Press Ctrl+C to shut down.
2021-02-10 11:55:47.7407|INFO|Microsoft.Hosting.Lifetime|Hosting environment: Development
2021-02-10 11:55:47.7407|INFO|Microsoft.Hosting.Lifetime|Content root path: D:\cSharp\Core\DotNet-Core\SampleProject
2021-02-10 12:02:56.0015|INFO|Microsoft.Hosting.Lifetime|Application started. Press Ctrl+C to shut down.
2021-02-10 12:02:56.0318|INFO|Microsoft.Hosting.Lifetime|Hosting environment: Development
2021-02-10 12:02:56.0318|INFO|Microsoft.Hosting.Lifetime|Content root path: D:\cSharp\Core\DotNet-Core\SampleProject
2021-02-10 12:03:03.3563|WARN|SampleProject.Controllers.AccountController|https://localhost:44332/Account/ResetPassword?email=rasalakash2@gmail.com&token=CfDJ8GGnP0%2FL391LjZskuRUfZaaqd5SaPY%2FVIs%2FyDu3LCxnUwN6ZFnDGtPlF3EyTxXP%2FO2F6DromYVswThQtnGVnCJm9g3saGU9vr%2B0%2BqxzpBKJ6m7bvvc8F2Z6bXeaRuwz54ZyjwS0wnhSl%2BA%2B0Tbz6hQBsswzLo%2FVcY4CybTeOq7ZHBVY%2FWvyrpxQJTrA5dp9B66TeKaaq0TMC0dllcUIxlcjQ1p2fPlSFxweGMwvr1Bkn
2021-02-10 19:45:13.1202|INFO|Microsoft.Hosting.Lifetime|Application started. Press Ctrl+C to shut down.
2021-02-10 19:45:13.1521|INFO|Microsoft.Hosting.Lifetime|Hosting environment: Development
2021-02-10 19:45:13.1521|INFO|Microsoft.Hosting.Lifetime|Content root path: D:\cSharp\Core\DotNet-Core\SampleProject
2021-02-10 19:46:18.7816|INFO|Microsoft.Hosting.Lifetime|Application started. Press Ctrl+C to shut down.
2021-02-10 19:46:18.8139|INFO|Microsoft.Hosting.Lifetime|Hosting environment: Development
2021-02-10 19:46:18.8139|INFO|Microsoft.Hosting.Lifetime|Content root path: D:\cSharp\Core\DotNet-Core\SampleProject
2021-02-10 19:47:04.4911|INFO|Microsoft.Hosting.Lifetime|Application started. Press Ctrl+C to shut down.
2021-02-10 19:47:04.5216|INFO|Microsoft.Hosting.Lifetime|Hosting environment: Development
2021-02-10 19:47:04.5216|INFO|Microsoft.Hosting.Lifetime|Content root path: D:\cSharp\Core\DotNet-Core\SampleProject
2021-02-10 19:47:05.4589|ERROR|Microsoft.AspNetCore.Diagnostics.DeveloperExceptionPageMiddleware|An unhandled exception has occurred while executing the request.
2021-02-10 19:47:47.2519|INFO|Microsoft.Hosting.Lifetime|Application started. Press Ctrl+C to shut down.
2021-02-10 19:47:47.2814|INFO|Microsoft.Hosting.Lifetime|Hosting environment: Development
2021-02-10 19:47:47.2814|INFO|Microsoft.Hosting.Lifetime|Content root path: D:\cSharp\Core\DotNet-Core\SampleProject
2021-02-10 19:47:47.6020|ERROR|Microsoft.AspNetCore.Diagnostics.DeveloperExceptionPageMiddleware|An unhandled exception has occurred while executing the request.
2021-02-10 19:49:22.5279|INFO|Microsoft.Hosting.Lifetime|Application started. Press Ctrl+C to shut down.
2021-02-10 19:49:22.5586|INFO|Microsoft.Hosting.Lifetime|Hosting environment: Development
2021-02-10 19:49:22.5586|INFO|Microsoft.Hosting.Lifetime|Content root path: D:\cSharp\Core\DotNet-Core\SampleProject
2021-02-10 19:49:22.8922|ERROR|Microsoft.AspNetCore.Diagnostics.DeveloperExceptionPageMiddleware|An unhandled exception has occurred while executing the request.
2021-02-10 19:49:56.1850|INFO|Microsoft.Hosting.Lifetime|Application started. Press Ctrl+C to shut down.
2021-02-10 19:49:56.2801|INFO|Microsoft.Hosting.Lifetime|Hosting environment: Development
2021-02-10 19:49:56.2883|INFO|Microsoft.Hosting.Lifetime|Content root path: D:\cSharp\Core\DotNet-Core\SampleProject
2021-02-10 19:51:54.9716|INFO|Microsoft.Hosting.Lifetime|Application started. Press Ctrl+C to shut down.
2021-02-10 19:51:55.0030|INFO|Microsoft.Hosting.Lifetime|Hosting environment: Development
2021-02-10 19:51:55.0030|INFO|Microsoft.Hosting.Lifetime|Content root path: D:\cSharp\Core\DotNet-Core\SampleProject
2021-02-10 19:57:03.9942|INFO|Microsoft.Hosting.Lifetime|Application started. Press Ctrl+C to shut down.
2021-02-10 19:57:04.0238|INFO|Microsoft.Hosting.Lifetime|Hosting environment: Development
2021-02-10 19:57:04.0238|INFO|Microsoft.Hosting.Lifetime|Content root path: D:\cSharp\Core\DotNet-Core\SampleProject
2021-02-10 19:58:30.9609|INFO|Microsoft.Hosting.Lifetime|Application started. Press Ctrl+C to shut down.
2021-02-10 19:58:30.9906|INFO|Microsoft.Hosting.Lifetime|Hosting environment: Development
2021-02-10 19:58:30.9906|INFO|Microsoft.Hosting.Lifetime|Content root path: D:\cSharp\Core\DotNet-Core\SampleProject
2021-02-10 19:58:32.6404|WARN|Microsoft.AspNetCore.Identity.UserManager|User password validation failed: PasswordTooShort;PasswordRequiresNonAlphanumeric;PasswordRequiresDigit;PasswordRequiresUpper.
2021-02-10 19:58:45.2440|ERROR|Microsoft.AspNetCore.Mvc.ViewFeatures.ViewResultExecutor|The view 'Reset Password Confirmation' was not found. Searched locations: /Views/Account/Reset Password Confirmation.cshtml, /Views/Shared/Reset Password Confirmation.cshtml, /Pages/Shared/Reset Password Confirmation.cshtml
2021-02-10 19:58:45.2793|ERROR|Microsoft.AspNetCore.Diagnostics.DeveloperExceptionPageMiddleware|An unhandled exception has occurred while executing the request.
2021-02-10 19:59:18.3915|INFO|Microsoft.Hosting.Lifetime|Application started. Press Ctrl+C to shut down.
2021-02-10 19:59:18.4222|INFO|Microsoft.Hosting.Lifetime|Hosting environment: Development
2021-02-10 19:59:18.4222|INFO|Microsoft.Hosting.Lifetime|Content root path: D:\cSharp\Core\DotNet-Core\SampleProject
2021-02-10 19:59:38.4070|WARN|Microsoft.AspNetCore.Identity.UserManager|VerifyUserTokenAsync() failed with purpose: ResetPassword for user.
2021-02-10 20:00:13.0095|WARN|Microsoft.AspNetCore.Identity.UserManager|VerifyUserTokenAsync() failed with purpose: ResetPassword for user.
2021-02-10 20:00:33.0711|WARN|Microsoft.AspNetCore.Identity.UserManager|VerifyUserTokenAsync() failed with purpose: ResetPassword for user.
2021-02-10 20:00:46.4331|INFO|Microsoft.Hosting.Lifetime|Application started. Press Ctrl+C to shut down.
2021-02-10 20:00:46.5028|INFO|Microsoft.Hosting.Lifetime|Hosting environment: Development
2021-02-10 20:00:46.5028|INFO|Microsoft.Hosting.Lifetime|Content root path: D:\cSharp\Core\DotNet-Core\SampleProject
2021-02-10 20:01:16.3113|WARN|Microsoft.AspNetCore.Identity.UserManager|VerifyUserTokenAsync() failed with purpose: ResetPassword for user.
2021-02-10 20:01:53.3475|WARN|SampleProject.Controllers.AccountController|https://localhost:44332/Account/ResetPassword?email=rasalakash2@gmail.com&token=CfDJ8GGnP0%2FL391LjZskuRUfZaZr4YED11wlQUCQ5Jzi02eQnWVgA5krJvxWI5204kq4nmDcQEdexTJUO55ZOLPVxu0EcRfGX93lmPiDDI2lPBCm16S9k9MG91f4vhRKcm79DdJ%2FIcWfTZG2ZrqB18T7v%2Bd%2B3%2Be3662xNvYgAuyUDJ1uKxAI41w3fM8trDG9Q6fN64S8v4z4xBVHmxdioau4yFqLYhl6f1Wy81A6sLNYS5os
2021-02-10 20:02:47.7796|WARN|Microsoft.AspNetCore.Identity.UserManager|Invalid password for user.
2021-02-10 20:02:47.7833|WARN|Microsoft.AspNetCore.Identity.SignInManager|User 8af0245b-f3ca-48d7-b623-ff82b8a13731 failed to provide the correct password.
